{"/home/travis/build/npmtest/node-npmtest-stream-json/test.js":{"path":"/home/travis/build/npmtest/node-npmtest-stream-json/test.js","s":{"1":2,"2":2,"3":2,"4":2,"5":2,"6":2,"7":2,"8":1,"9":2,"10":2,"11":1,"12":1,"13":1,"14":1,"15":2,"16":2,"17":2,"18":2,"19":1,"20":1,"21":2,"22":2,"23":2,"24":1,"25":1,"26":1,"27":1,"28":1,"29":1,"30":1,"31":1,"32":1,"33":1,"34":1,"35":1,"36":1,"37":1,"38":1,"39":2,"40":2,"41":1,"42":2,"43":2,"44":1,"45":2,"46":2,"47":1,"48":2,"49":2,"50":1,"51":1,"52":1,"53":1,"54":1},"b":{"1":[2,1,1,1],"2":[1,1,1,1],"3":[1,1],"4":[1,1],"5":[1,1],"6":[1,1],"7":[1,1],"8":[1,1],"9":[1,1],"10":[1,1,1],"11":[1,1],"12":[1,1],"13":[1,1],"14":[1,1],"15":[1,1],"16":[1,1],"17":[1,1]},"f":{"1":2,"2":2,"3":2,"4":2,"5":2,"6":1,"7":1,"8":1,"9":2,"10":2,"11":2,"12":2,"13":1},"fnMap":{"1":{"name":"(anonymous_1)","line":12,"loc":{"start":{"line":12,"column":1},"end":{"line":12,"column":13}}},"2":{"name":"(anonymous_2)","line":19,"loc":{"start":{"line":19,"column":5},"end":{"line":19,"column":17}}},"3":{"name":"(anonymous_3)","line":23,"loc":{"start":{"line":23,"column":24},"end":{"line":23,"column":36}}},"4":{"name":"(anonymous_4)","line":61,"loc":{"start":{"line":61,"column":5},"end":{"line":61,"column":17}}},"5":{"name":"(anonymous_5)","line":82,"loc":{"start":{"line":82,"column":5},"end":{"line":82,"column":17}}},"6":{"name":"(anonymous_6)","line":91,"loc":{"start":{"line":91,"column":77},"end":{"line":94,"column":10}}},"7":{"name":"(anonymous_7)","line":112,"loc":{"start":{"line":112,"column":83},"end":{"line":115,"column":10}},"skip":true},"8":{"name":"(anonymous_8)","line":123,"loc":{"start":{"line":123,"column":77},"end":{"line":126,"column":10}},"skip":true},"9":{"name":"(anonymous_9)","line":139,"loc":{"start":{"line":139,"column":12},"end":{"line":139,"column":40}},"skip":true},"10":{"name":"(anonymous_10)","line":147,"loc":{"start":{"line":147,"column":77},"end":{"line":150,"column":10}},"skip":true},"11":{"name":"(anonymous_11)","line":158,"loc":{"start":{"line":158,"column":83},"end":{"line":161,"column":10}},"skip":true},"12":{"name":"(anonymous_12)","line":169,"loc":{"start":{"line":169,"column":79},"end":{"line":172,"column":10}},"skip":true},"13":{"name":"(anonymous_13)","line":180,"loc":{"start":{"line":180,"column":75},"end":{"line":183,"column":10}},"skip":true}},"statementMap":{"1":{"start":{"line":12,"column":0},"end":{"line":195,"column":5}},"2":{"start":{"line":14,"column":4},"end":{"line":14,"column":14}},"3":{"start":{"line":19,"column":4},"end":{"line":56,"column":9}},"4":{"start":{"line":21,"column":8},"end":{"line":21,"column":19}},"5":{"start":{"line":23,"column":8},"end":{"line":35,"column":13}},"6":{"start":{"line":24,"column":12},"end":{"line":34,"column":13}},"7":{"start":{"line":25,"column":16},"end":{"line":28,"column":30}},"8":{"start":{"line":30,"column":16},"end":{"line":33,"column":27}},"9":{"start":{"line":37,"column":8},"end":{"line":39,"column":21}},"10":{"start":{"line":40,"column":8},"end":{"line":53,"column":9}},"11":{"start":{"line":43,"column":12},"end":{"line":46,"column":14}},"12":{"start":{"line":47,"column":12},"end":{"line":47,"column":18}},"13":{"start":{"line":50,"column":12},"end":{"line":51,"column":46}},"14":{"start":{"line":52,"column":12},"end":{"line":52,"column":18}},"15":{"start":{"line":55,"column":8},"end":{"line":55,"column":35}},"16":{"start":{"line":61,"column":4},"end":{"line":63,"column":9}},"17":{"start":{"line":62,"column":8},"end":{"line":62,"column":15}},"18":{"start":{"line":64,"column":4},"end":{"line":77,"column":5}},"19":{"start":{"line":70,"column":8},"end":{"line":70,"column":14}},"20":{"start":{"line":76,"column":8},"end":{"line":76,"column":14}},"21":{"start":{"line":82,"column":4},"end":{"line":84,"column":9}},"22":{"start":{"line":83,"column":8},"end":{"line":83,"column":15}},"23":{"start":{"line":85,"column":4},"end":{"line":194,"column":5}},"24":{"start":{"line":91,"column":8},"end":{"line":99,"column":10}},"25":{"start":{"line":98,"column":12},"end":{"line":98,"column":35}},"26":{"start":{"line":102,"column":8},"end":{"line":104,"column":63}},"27":{"start":{"line":105,"column":8},"end":{"line":105,"column":14}},"28":{"start":{"line":112,"column":8},"end":{"line":121,"column":10},"skip":true},"29":{"start":{"line":119,"column":12},"end":{"line":119,"column":55},"skip":true},"30":{"start":{"line":120,"column":12},"end":{"line":120,"column":48},"skip":true},"31":{"start":{"line":123,"column":8},"end":{"line":136,"column":10},"skip":true},"32":{"start":{"line":130,"column":12},"end":{"line":130,"column":76},"skip":true},"33":{"start":{"line":131,"column":12},"end":{"line":131,"column":73},"skip":true},"34":{"start":{"line":132,"column":12},"end":{"line":132,"column":74},"skip":true},"35":{"start":{"line":133,"column":12},"end":{"line":133,"column":79},"skip":true},"36":{"start":{"line":134,"column":12},"end":{"line":134,"column":25},"skip":true},"37":{"start":{"line":135,"column":12},"end":{"line":135,"column":45},"skip":true},"38":{"start":{"line":138,"column":8},"end":{"line":145,"column":14},"skip":true},"39":{"start":{"line":143,"column":16},"end":{"line":143,"column":29},"skip":true},"40":{"start":{"line":144,"column":16},"end":{"line":144,"column":55},"skip":true},"41":{"start":{"line":147,"column":8},"end":{"line":156,"column":10},"skip":true},"42":{"start":{"line":154,"column":12},"end":{"line":154,"column":25},"skip":true},"43":{"start":{"line":155,"column":12},"end":{"line":155,"column":45},"skip":true},"44":{"start":{"line":158,"column":8},"end":{"line":167,"column":10},"skip":true},"45":{"start":{"line":165,"column":12},"end":{"line":165,"column":25},"skip":true},"46":{"start":{"line":166,"column":12},"end":{"line":166,"column":48},"skip":true},"47":{"start":{"line":169,"column":8},"end":{"line":178,"column":10},"skip":true},"48":{"start":{"line":176,"column":12},"end":{"line":176,"column":25},"skip":true},"49":{"start":{"line":177,"column":12},"end":{"line":177,"column":46},"skip":true},"50":{"start":{"line":180,"column":8},"end":{"line":189,"column":10},"skip":true},"51":{"start":{"line":187,"column":12},"end":{"line":187,"column":94},"skip":true},"52":{"start":{"line":188,"column":12},"end":{"line":188,"column":48},"skip":true},"53":{"start":{"line":192,"column":8},"end":{"line":192,"column":35},"skip":true},"54":{"start":{"line":193,"column":8},"end":{"line":193,"column":14},"skip":true}},"branchMap":{"1":{"line":25,"type":"binary-expr","locations":[{"start":{"line":25,"column":23},"end":{"line":25,"column":62}},{"start":{"line":26,"column":20},"end":{"line":26,"column":70}},{"start":{"line":27,"column":20},"end":{"line":27,"column":71}},{"start":{"line":28,"column":20},"end":{"line":28,"column":29}}]},"2":{"line":30,"type":"binary-expr","locations":[{"start":{"line":30,"column":23},"end":{"line":30,"column":37}},{"start":{"line":31,"column":20},"end":{"line":31,"column":61}},{"start":{"line":32,"column":20},"end":{"line":32,"column":70}},{"start":{"line":33,"column":20},"end":{"line":33,"column":26}}]},"3":{"line":37,"type":"cond-expr","locations":[{"start":{"line":38,"column":14},"end":{"line":38,"column":20}},{"start":{"line":39,"column":14},"end":{"line":39,"column":20}}]},"4":{"line":40,"type":"switch","locations":[{"start":{"line":42,"column":8},"end":{"line":47,"column":18}},{"start":{"line":49,"column":8},"end":{"line":52,"column":18}}]},"5":{"line":44,"type":"binary-expr","locations":[{"start":{"line":44,"column":16},"end":{"line":44,"column":44}},{"start":{"line":44,"column":48},"end":{"line":44,"column":66}}]},"6":{"line":50,"type":"binary-expr","locations":[{"start":{"line":50,"column":21},"end":{"line":50,"column":49}},{"start":{"line":50,"column":53},"end":{"line":50,"column":72}}]},"7":{"line":64,"type":"switch","locations":[{"start":{"line":69,"column":4},"end":{"line":70,"column":14}},{"start":{"line":75,"column":4},"end":{"line":76,"column":14}}]},"8":{"line":85,"type":"switch","locations":[{"start":{"line":90,"column":4},"end":{"line":105,"column":14}},{"start":{"line":111,"column":4},"end":{"line":193,"column":14},"skip":true}]},"9":{"line":91,"type":"binary-expr","locations":[{"start":{"line":91,"column":42},"end":{"line":91,"column":73}},{"start":{"line":91,"column":77},"end":{"line":99,"column":9}}]},"10":{"line":102,"type":"binary-expr","locations":[{"start":{"line":102,"column":18},"end":{"line":102,"column":32}},{"start":{"line":103,"column":12},"end":{"line":103,"column":53}},{"start":{"line":104,"column":12},"end":{"line":104,"column":61}}]},"11":{"line":112,"type":"binary-expr","locations":[{"start":{"line":112,"column":45},"end":{"line":112,"column":79},"skip":true},{"start":{"line":112,"column":83},"end":{"line":121,"column":9},"skip":true}]},"12":{"line":123,"type":"binary-expr","locations":[{"start":{"line":123,"column":42},"end":{"line":123,"column":73},"skip":true},{"start":{"line":123,"column":77},"end":{"line":136,"column":9},"skip":true}]},"13":{"line":138,"type":"binary-expr","locations":[{"start":{"line":138,"column":48},"end":{"line":138,"column":85},"skip":true},{"start":{"line":139,"column":12},"end":{"line":145,"column":13},"skip":true}]},"14":{"line":147,"type":"binary-expr","locations":[{"start":{"line":147,"column":42},"end":{"line":147,"column":73},"skip":true},{"start":{"line":147,"column":77},"end":{"line":156,"column":9},"skip":true}]},"15":{"line":158,"type":"binary-expr","locations":[{"start":{"line":158,"column":45},"end":{"line":158,"column":79},"skip":true},{"start":{"line":158,"column":83},"end":{"line":167,"column":9},"skip":true}]},"16":{"line":169,"type":"binary-expr","locations":[{"start":{"line":169,"column":43},"end":{"line":169,"column":75},"skip":true},{"start":{"line":169,"column":79},"end":{"line":178,"column":9},"skip":true}]},"17":{"line":180,"type":"binary-expr","locations":[{"start":{"line":180,"column":41},"end":{"line":180,"column":71},"skip":true},{"start":{"line":180,"column":75},"end":{"line":189,"column":9},"skip":true}]}},"code":["/* istanbul instrument in package npmtest_stream_json */","/*jslint","    bitwise: true,","    browser: true,","    maxerr: 8,","    maxlen: 96,","    node: true,","    nomen: true,","    regexp: true,","    stupid: true","*/","(function () {","    'use strict';","    var local;","","","","    // run shared js-env code - pre-init","    (function () {","        // init local","        local = {};","        // init modeJs","        local.modeJs = (function () {","            try {","                return typeof navigator.userAgent === 'string' &&","                    typeof document.querySelector('body') === 'object' &&","                    typeof XMLHttpRequest.prototype.open === 'function' &&","                    'browser';","            } catch (errorCaughtBrowser) {","                return module.exports &&","                    typeof process.versions.node === 'string' &&","                    typeof require('http').createServer === 'function' &&","                    'node';","            }","        }());","        // init global","        local.global = local.modeJs === 'browser'","            ? window","            : global;","        switch (local.modeJs) {","        // re-init local from window.local","        case 'browser':","            local = local.global.utility2.objectSetDefault(","                local.global.utility2_rollup || local.global.local,","                local.global.utility2","            );","            break;","        // re-init local from example.js","        case 'node':","            local = (local.global.utility2_rollup || require('utility2'))","                .requireExampleJsFromReadme();","            break;","        }","        // export local","        local.global.local = local;","    }());","","","","    // run shared js-env code - function","    (function () {","        return;","    }());","    switch (local.modeJs) {","","","","    // run browser js-env code - function","    case 'browser':","        break;","","","","    // run node js-env code - function","    case 'node':","        break;","    }","","","","    // run shared js-env code - post-init","    (function () {","        return;","    }());","    switch (local.modeJs) {","","","","    // run browser js-env code - post-init","    case 'browser':","        local.testCase_browser_nullCase = local.testCase_browser_nullCase || function (","            options,","            onError","        ) {","        /*","         * this function will test browsers's null-case handling-behavior-behavior","         */","            onError(null, options);","        };","","        // run tests","        local.nop(local.modeTest &&","            document.querySelector('#testRunButton1') &&","            document.querySelector('#testRunButton1').click());","        break;","","","","    // run node js-env code - post-init","    /* istanbul ignore next */","    case 'node':","        local.testCase_buildApidoc_default = local.testCase_buildApidoc_default || function (","            options,","            onError","        ) {","        /*","         * this function will test buildApidoc's default handling-behavior-behavior","         */","            options = { modulePathList: module.paths };","            local.buildApidoc(options, onError);","        };","","        local.testCase_buildApp_default = local.testCase_buildApp_default || function (","            options,","            onError","        ) {","        /*","         * this function will test buildApp's default handling-behavior-behavior","         */","            local.testCase_buildReadme_default(options, local.onErrorThrow);","            local.testCase_buildLib_default(options, local.onErrorThrow);","            local.testCase_buildTest_default(options, local.onErrorThrow);","            local.testCase_buildCustomOrg_default(options, local.onErrorThrow);","            options = [];","            local.buildApp(options, onError);","        };","","        local.testCase_buildCustomOrg_default = local.testCase_buildCustomOrg_default ||","            function (options, onError) {","            /*","             * this function will test buildCustomOrg's default handling-behavior","             */","                options = {};","                local.buildCustomOrg(options, onError);","            };","","        local.testCase_buildLib_default = local.testCase_buildLib_default || function (","            options,","            onError","        ) {","        /*","         * this function will test buildLib's default handling-behavior","         */","            options = {};","            local.buildLib(options, onError);","        };","","        local.testCase_buildReadme_default = local.testCase_buildReadme_default || function (","            options,","            onError","        ) {","        /*","         * this function will test buildReadme's default handling-behavior-behavior","         */","            options = {};","            local.buildReadme(options, onError);","        };","","        local.testCase_buildTest_default = local.testCase_buildTest_default || function (","            options,","            onError","        ) {","        /*","         * this function will test buildTest's default handling-behavior","         */","            options = {};","            local.buildTest(options, onError);","        };","","        local.testCase_webpage_default = local.testCase_webpage_default || function (","            options,","            onError","        ) {","        /*","         * this function will test webpage's default handling-behavior","         */","            options = { modeCoverageMerge: true, url: local.serverLocalHost + '?modeTest=1' };","            local.browserTest(options, onError);","        };","","        // run test-server","        local.testRunServer(local);","        break;","    }","}());",""],"l":{"12":2,"14":2,"19":2,"21":2,"23":2,"24":2,"25":2,"30":1,"37":2,"40":2,"43":1,"47":1,"50":1,"52":1,"55":2,"61":2,"62":2,"64":2,"70":1,"76":1,"82":2,"83":2,"85":2,"91":1,"98":1,"102":1,"105":1,"112":1,"119":1,"120":1,"123":1,"130":1,"131":1,"132":1,"133":1,"134":1,"135":1,"138":1,"143":2,"144":2,"147":1,"154":2,"155":2,"158":1,"165":2,"166":2,"169":1,"176":2,"177":2,"180":1,"187":1,"188":1,"192":1,"193":1}},"/home/travis/build/npmtest/node-npmtest-stream-json/lib.npmtest_stream_json.js":{"path":"/home/travis/build/npmtest/node-npmtest-stream-json/lib.npmtest_stream_json.js","s":{"1":2,"2":2,"3":2,"4":2,"5":2,"6":2,"7":2,"8":1,"9":2,"10":2,"11":2,"12":2,"13":1,"14":1,"15":1,"16":1},"b":{"1":[2,1,1,1],"2":[1,1,1,1],"3":[1,1],"4":[2,2],"5":[1,1]},"f":{"1":2,"2":2,"3":2},"fnMap":{"1":{"name":"(anonymous_1)","line":12,"loc":{"start":{"line":12,"column":1},"end":{"line":12,"column":13}}},"2":{"name":"(anonymous_2)","line":19,"loc":{"start":{"line":19,"column":5},"end":{"line":19,"column":17}}},"3":{"name":"(anonymous_3)","line":23,"loc":{"start":{"line":23,"column":24},"end":{"line":23,"column":36}}}},"statementMap":{"1":{"start":{"line":12,"column":0},"end":{"line":53,"column":5}},"2":{"start":{"line":14,"column":4},"end":{"line":14,"column":14}},"3":{"start":{"line":19,"column":4},"end":{"line":52,"column":9}},"4":{"start":{"line":21,"column":8},"end":{"line":21,"column":19}},"5":{"start":{"line":23,"column":8},"end":{"line":35,"column":13}},"6":{"start":{"line":24,"column":12},"end":{"line":34,"column":13}},"7":{"start":{"line":25,"column":16},"end":{"line":28,"column":30}},"8":{"start":{"line":30,"column":16},"end":{"line":33,"column":27}},"9":{"start":{"line":37,"column":8},"end":{"line":39,"column":21}},"10":{"start":{"line":41,"column":8},"end":{"line":41,"column":54}},"11":{"start":{"line":43,"column":8},"end":{"line":43,"column":56}},"12":{"start":{"line":45,"column":8},"end":{"line":51,"column":9}},"13":{"start":{"line":46,"column":12},"end":{"line":46,"column":62}},"14":{"start":{"line":48,"column":12},"end":{"line":48,"column":35}},"15":{"start":{"line":49,"column":12},"end":{"line":49,"column":49}},"16":{"start":{"line":50,"column":12},"end":{"line":50,"column":43}}},"branchMap":{"1":{"line":25,"type":"binary-expr","locations":[{"start":{"line":25,"column":23},"end":{"line":25,"column":62}},{"start":{"line":26,"column":20},"end":{"line":26,"column":70}},{"start":{"line":27,"column":20},"end":{"line":27,"column":71}},{"start":{"line":28,"column":20},"end":{"line":28,"column":29}}]},"2":{"line":30,"type":"binary-expr","locations":[{"start":{"line":30,"column":23},"end":{"line":30,"column":37}},{"start":{"line":31,"column":20},"end":{"line":31,"column":61}},{"start":{"line":32,"column":20},"end":{"line":32,"column":70}},{"start":{"line":33,"column":20},"end":{"line":33,"column":26}}]},"3":{"line":37,"type":"cond-expr","locations":[{"start":{"line":38,"column":14},"end":{"line":38,"column":20}},{"start":{"line":39,"column":14},"end":{"line":39,"column":20}}]},"4":{"line":41,"type":"binary-expr","locations":[{"start":{"line":41,"column":16},"end":{"line":41,"column":44}},{"start":{"line":41,"column":48},"end":{"line":41,"column":53}}]},"5":{"line":45,"type":"if","locations":[{"start":{"line":45,"column":8},"end":{"line":45,"column":8}},{"start":{"line":45,"column":8},"end":{"line":45,"column":8}}]}},"code":["/* istanbul instrument in package npmtest_stream_json */","/*jslint","    bitwise: true,","    browser: true,","    maxerr: 8,","    maxlen: 96,","    node: true,","    nomen: true,","    regexp: true,","    stupid: true","*/","(function () {","    'use strict';","    var local;","","","","    // run shared js-env code - pre-init","    (function () {","        // init local","        local = {};","        // init modeJs","        local.modeJs = (function () {","            try {","                return typeof navigator.userAgent === 'string' &&","                    typeof document.querySelector('body') === 'object' &&","                    typeof XMLHttpRequest.prototype.open === 'function' &&","                    'browser';","            } catch (errorCaughtBrowser) {","                return module.exports &&","                    typeof process.versions.node === 'string' &&","                    typeof require('http').createServer === 'function' &&","                    'node';","            }","        }());","        // init global","        local.global = local.modeJs === 'browser'","            ? window","            : global;","        // init utility2_rollup","        local = local.global.utility2_rollup || local;","        // init lib","        local.local = local.npmtest_stream_json = local;","        // init exports","        if (local.modeJs === 'browser') {","            local.global.utility2_npmtest_stream_json = local;","        } else {","            module.exports = local;","            module.exports.__dirname = __dirname;","            module.exports.module = module;","        }","    }());","}());",""],"l":{"12":2,"14":2,"19":2,"21":2,"23":2,"24":2,"25":2,"30":1,"37":2,"41":2,"43":2,"45":2,"46":1,"48":1,"49":1,"50":1}},"/home/travis/build/npmtest/node-npmtest-stream-json/example.js":{"path":"/home/travis/build/npmtest/node-npmtest-stream-json/example.js","s":{"1":2,"2":2,"3":2,"4":2,"5":2,"6":2,"7":2,"8":1,"9":2,"10":2,"11":2,"12":2,"13":1,"14":2,"15":2,"16":2,"17":2,"18":2,"19":0,"20":2,"21":1,"22":1,"23":1,"24":1,"25":1,"26":0,"27":0,"28":1,"29":1,"30":2,"31":0,"32":0,"33":0,"34":1,"35":2,"36":2,"37":3,"38":3,"39":3,"40":3,"41":0,"42":3,"43":3,"44":3,"45":1,"46":3,"47":1,"48":1,"49":1,"50":1,"51":1,"52":1,"53":1,"54":1,"55":1,"56":1,"57":0,"58":1,"59":6,"60":6,"61":1,"62":2,"63":0,"64":2,"65":1,"66":1,"67":0,"68":0,"69":0,"70":0,"71":0,"72":0,"73":0,"74":0,"75":0,"76":0,"77":0,"78":0,"79":0,"80":0,"81":0,"82":0,"83":0},"b":{"1":[2,1,1,1],"2":[1,1,1,1],"3":[1,1],"4":[2,2],"5":[1,1],"6":[1,1],"7":[2,0],"8":[2,1,1,1,1,1],"9":[0,2,0],"10":[1,1],"11":[2,1,1],"12":[1,0],"13":[0,2],"14":[2,0,0,0,0,0,0],"15":[0,3],"16":[3,0],"17":[1,1],"18":[0,1],"19":[1,2,0,2],"20":[1,0],"21":[1,1],"22":[0,0],"23":[0,0],"24":[0,0],"25":[0,0],"26":[0,0],"27":[0,0],"28":[0,0]},"f":{"1":2,"2":2,"3":2,"4":2,"5":2,"6":2,"7":3,"8":3,"9":3,"10":1,"11":6,"12":0},"fnMap":{"1":{"name":"(anonymous_1)","line":26,"loc":{"start":{"line":26,"column":1},"end":{"line":26,"column":13}}},"2":{"name":"(anonymous_2)","line":33,"loc":{"start":{"line":33,"column":5},"end":{"line":33,"column":17}}},"3":{"name":"(anonymous_3)","line":37,"loc":{"start":{"line":37,"column":24},"end":{"line":37,"column":36}}},"4":{"name":"(anonymous_4)","line":69,"loc":{"start":{"line":69,"column":31},"end":{"line":69,"column":48}},"skip":true},"5":{"name":"(anonymous_5)","line":78,"loc":{"start":{"line":78,"column":26},"end":{"line":78,"column":45}},"skip":true},"6":{"name":"(anonymous_6)","line":123,"loc":{"start":{"line":123,"column":33},"end":{"line":123,"column":48}},"skip":true},"7":{"name":"(anonymous_7)","line":125,"loc":{"start":{"line":125,"column":27},"end":{"line":125,"column":39}},"skip":true},"8":{"name":"(anonymous_8)","line":133,"loc":{"start":{"line":133,"column":59},"end":{"line":133,"column":74}},"skip":true},"9":{"name":"(anonymous_9)","line":143,"loc":{"start":{"line":143,"column":45},"end":{"line":143,"column":62}},"skip":true},"10":{"name":"(anonymous_10)","line":144,"loc":{"start":{"line":144,"column":73},"end":{"line":144,"column":92}},"skip":true},"11":{"name":"(anonymous_11)","line":272,"loc":{"start":{"line":272,"column":51},"end":{"line":272,"column":77}},"skip":true},"12":{"name":"(anonymous_12)","line":315,"loc":{"start":{"line":315,"column":32},"end":{"line":315,"column":61}},"skip":true}},"statementMap":{"1":{"start":{"line":26,"column":0},"end":{"line":326,"column":5}},"2":{"start":{"line":28,"column":4},"end":{"line":28,"column":14}},"3":{"start":{"line":33,"column":4},"end":{"line":60,"column":9}},"4":{"start":{"line":35,"column":8},"end":{"line":35,"column":19}},"5":{"start":{"line":37,"column":8},"end":{"line":49,"column":13}},"6":{"start":{"line":38,"column":12},"end":{"line":48,"column":13}},"7":{"start":{"line":39,"column":16},"end":{"line":42,"column":30}},"8":{"start":{"line":44,"column":16},"end":{"line":47,"column":27}},"9":{"start":{"line":51,"column":8},"end":{"line":53,"column":21}},"10":{"start":{"line":55,"column":8},"end":{"line":57,"column":45}},"11":{"start":{"line":59,"column":8},"end":{"line":59,"column":35}},"12":{"start":{"line":61,"column":4},"end":{"line":325,"column":5}},"13":{"start":{"line":69,"column":8},"end":{"line":121,"column":10},"skip":true},"14":{"start":{"line":70,"column":12},"end":{"line":88,"column":13},"skip":true},"15":{"start":{"line":76,"column":16},"end":{"line":87,"column":19},"skip":true},"16":{"start":{"line":79,"column":20},"end":{"line":86,"column":21},"skip":true},"17":{"start":{"line":82,"column":24},"end":{"line":82,"column":43},"skip":true},"18":{"start":{"line":83,"column":24},"end":{"line":83,"column":30},"skip":true},"19":{"start":{"line":85,"column":24},"end":{"line":85,"column":49},"skip":true},"20":{"start":{"line":89,"column":12},"end":{"line":107,"column":13},"skip":true},"21":{"start":{"line":92,"column":16},"end":{"line":102,"column":17},"skip":true},"22":{"start":{"line":93,"column":20},"end":{"line":93,"column":86},"skip":true},"23":{"start":{"line":94,"column":20},"end":{"line":95,"column":45},"skip":true},"24":{"start":{"line":96,"column":20},"end":{"line":96,"column":42},"skip":true},"25":{"start":{"line":97,"column":20},"end":{"line":97,"column":48},"skip":true},"26":{"start":{"line":100,"column":20},"end":{"line":100,"column":85},"skip":true},"27":{"start":{"line":101,"column":20},"end":{"line":101,"column":96},"skip":true},"28":{"start":{"line":103,"column":16},"end":{"line":103,"column":22},"skip":true},"29":{"start":{"line":106,"column":16},"end":{"line":106,"column":22},"skip":true},"30":{"start":{"line":108,"column":12},"end":{"line":120,"column":13},"skip":true},"31":{"start":{"line":114,"column":16},"end":{"line":119,"column":17},"skip":true},"32":{"start":{"line":116,"column":20},"end":{"line":116,"column":78},"skip":true},"33":{"start":{"line":118,"column":20},"end":{"line":118,"column":47},"skip":true},"34":{"start":{"line":123,"column":8},"end":{"line":141,"column":11},"skip":true},"35":{"start":{"line":124,"column":12},"end":{"line":124,"column":54},"skip":true},"36":{"start":{"line":125,"column":12},"end":{"line":140,"column":14},"skip":true},"37":{"start":{"line":126,"column":16},"end":{"line":126,"column":28},"skip":true},"38":{"start":{"line":127,"column":16},"end":{"line":127,"column":69},"skip":true},"39":{"start":{"line":128,"column":16},"end":{"line":128,"column":75},"skip":true},"40":{"start":{"line":129,"column":16},"end":{"line":131,"column":17},"skip":true},"41":{"start":{"line":130,"column":20},"end":{"line":130,"column":27},"skip":true},"42":{"start":{"line":133,"column":16},"end":{"line":137,"column":36},"skip":true},"43":{"start":{"line":134,"column":20},"end":{"line":136,"column":55},"skip":true},"44":{"start":{"line":139,"column":16},"end":{"line":139,"column":57},"skip":true},"45":{"start":{"line":143,"column":8},"end":{"line":147,"column":11},"skip":true},"46":{"start":{"line":144,"column":12},"end":{"line":146,"column":15},"skip":true},"47":{"start":{"line":145,"column":16},"end":{"line":145,"column":70},"skip":true},"48":{"start":{"line":149,"column":8},"end":{"line":149,"column":31},"skip":true},"49":{"start":{"line":150,"column":8},"end":{"line":150,"column":14},"skip":true},"50":{"start":{"line":158,"column":8},"end":{"line":158,"column":31},"skip":true},"51":{"start":{"line":160,"column":8},"end":{"line":160,"column":33},"skip":true},"52":{"start":{"line":161,"column":8},"end":{"line":161,"column":37},"skip":true},"53":{"start":{"line":162,"column":8},"end":{"line":162,"column":35},"skip":true},"54":{"start":{"line":164,"column":8},"end":{"line":164,"column":50},"skip":true},"55":{"start":{"line":166,"column":8},"end":{"line":256,"column":2},"skip":true},"56":{"start":{"line":258,"column":8},"end":{"line":286,"column":9},"skip":true},"57":{"start":{"line":259,"column":12},"end":{"line":269,"column":14},"skip":true},"58":{"start":{"line":271,"column":12},"end":{"line":285,"column":19},"skip":true},"59":{"start":{"line":274,"column":20},"end":{"line":274,"column":35},"skip":true},"60":{"start":{"line":275,"column":20},"end":{"line":284,"column":21},"skip":true},"61":{"start":{"line":277,"column":24},"end":{"line":277,"column":64},"skip":true},"62":{"start":{"line":279,"column":24},"end":{"line":279,"column":40},"skip":true},"63":{"start":{"line":281,"column":24},"end":{"line":281,"column":40},"skip":true},"64":{"start":{"line":283,"column":24},"end":{"line":283,"column":39},"skip":true},"65":{"start":{"line":288,"column":8},"end":{"line":290,"column":9},"skip":true},"66":{"start":{"line":289,"column":12},"end":{"line":289,"column":18},"skip":true},"67":{"start":{"line":291,"column":8},"end":{"line":293,"column":54},"skip":true},"68":{"start":{"line":296,"column":8},"end":{"line":301,"column":37},"skip":true},"69":{"start":{"line":303,"column":8},"end":{"line":303,"column":82},"skip":true},"70":{"start":{"line":306,"column":8},"end":{"line":308,"column":9},"skip":true},"71":{"start":{"line":307,"column":12},"end":{"line":307,"column":82},"skip":true},"72":{"start":{"line":310,"column":8},"end":{"line":312,"column":9},"skip":true},"73":{"start":{"line":311,"column":12},"end":{"line":311,"column":18},"skip":true},"74":{"start":{"line":313,"column":8},"end":{"line":313,"column":54},"skip":true},"75":{"start":{"line":314,"column":8},"end":{"line":314,"column":69},"skip":true},"76":{"start":{"line":315,"column":8},"end":{"line":323,"column":36},"skip":true},"77":{"start":{"line":316,"column":12},"end":{"line":316,"column":61},"skip":true},"78":{"start":{"line":317,"column":12},"end":{"line":320,"column":13},"skip":true},"79":{"start":{"line":318,"column":16},"end":{"line":318,"column":75},"skip":true},"80":{"start":{"line":319,"column":16},"end":{"line":319,"column":23},"skip":true},"81":{"start":{"line":321,"column":12},"end":{"line":321,"column":38},"skip":true},"82":{"start":{"line":322,"column":12},"end":{"line":322,"column":27},"skip":true},"83":{"start":{"line":324,"column":8},"end":{"line":324,"column":14},"skip":true}},"branchMap":{"1":{"line":39,"type":"binary-expr","locations":[{"start":{"line":39,"column":23},"end":{"line":39,"column":62}},{"start":{"line":40,"column":20},"end":{"line":40,"column":70}},{"start":{"line":41,"column":20},"end":{"line":41,"column":71}},{"start":{"line":42,"column":20},"end":{"line":42,"column":29}}]},"2":{"line":44,"type":"binary-expr","locations":[{"start":{"line":44,"column":23},"end":{"line":44,"column":37}},{"start":{"line":45,"column":20},"end":{"line":45,"column":61}},{"start":{"line":46,"column":20},"end":{"line":46,"column":70}},{"start":{"line":47,"column":20},"end":{"line":47,"column":26}}]},"3":{"line":51,"type":"cond-expr","locations":[{"start":{"line":52,"column":14},"end":{"line":52,"column":20}},{"start":{"line":53,"column":14},"end":{"line":53,"column":20}}]},"4":{"line":55,"type":"binary-expr","locations":[{"start":{"line":55,"column":16},"end":{"line":55,"column":44}},{"start":{"line":55,"column":49},"end":{"line":57,"column":43}}]},"5":{"line":55,"type":"cond-expr","locations":[{"start":{"line":56,"column":14},"end":{"line":56,"column":55}},{"start":{"line":57,"column":14},"end":{"line":57,"column":43}}]},"6":{"line":61,"type":"switch","locations":[{"start":{"line":68,"column":4},"end":{"line":150,"column":14},"skip":true},{"start":{"line":156,"column":4},"end":{"line":324,"column":14},"skip":true}]},"7":{"line":70,"type":"if","locations":[{"start":{"line":70,"column":12},"end":{"line":70,"column":12},"skip":true},{"start":{"line":70,"column":12},"end":{"line":70,"column":12},"skip":true}]},"8":{"line":70,"type":"binary-expr","locations":[{"start":{"line":70,"column":16},"end":{"line":70,"column":22},"skip":true},{"start":{"line":70,"column":27},"end":{"line":70,"column":32},"skip":true},{"start":{"line":71,"column":20},"end":{"line":71,"column":39},"skip":true},{"start":{"line":72,"column":20},"end":{"line":72,"column":49},"skip":true},{"start":{"line":73,"column":20},"end":{"line":73,"column":58},"skip":true},{"start":{"line":74,"column":20},"end":{"line":74,"column":69},"skip":true}]},"9":{"line":79,"type":"switch","locations":[{"start":{"line":80,"column":20},"end":{"line":80,"column":33},"skip":true},{"start":{"line":81,"column":20},"end":{"line":83,"column":30},"skip":true},{"start":{"line":84,"column":20},"end":{"line":85,"column":49},"skip":true}]},"10":{"line":89,"type":"switch","locations":[{"start":{"line":90,"column":12},"end":{"line":103,"column":22},"skip":true},{"start":{"line":105,"column":12},"end":{"line":106,"column":22},"skip":true}]},"11":{"line":89,"type":"binary-expr","locations":[{"start":{"line":89,"column":20},"end":{"line":89,"column":25},"skip":true},{"start":{"line":89,"column":29},"end":{"line":89,"column":48},"skip":true},{"start":{"line":89,"column":52},"end":{"line":89,"column":74},"skip":true}]},"12":{"line":92,"type":"if","locations":[{"start":{"line":92,"column":16},"end":{"line":92,"column":16},"skip":true},{"start":{"line":92,"column":16},"end":{"line":92,"column":16},"skip":true}]},"13":{"line":108,"type":"if","locations":[{"start":{"line":108,"column":12},"end":{"line":108,"column":12},"skip":true},{"start":{"line":108,"column":12},"end":{"line":108,"column":12},"skip":true}]},"14":{"line":108,"type":"binary-expr","locations":[{"start":{"line":108,"column":16},"end":{"line":108,"column":61},"skip":true},{"start":{"line":108,"column":66},"end":{"line":108,"column":72},"skip":true},{"start":{"line":108,"column":77},"end":{"line":108,"column":82},"skip":true},{"start":{"line":109,"column":20},"end":{"line":109,"column":39},"skip":true},{"start":{"line":110,"column":20},"end":{"line":110,"column":49},"skip":true},{"start":{"line":111,"column":20},"end":{"line":111,"column":58},"skip":true},{"start":{"line":112,"column":20},"end":{"line":112,"column":68},"skip":true}]},"15":{"line":129,"type":"if","locations":[{"start":{"line":129,"column":16},"end":{"line":129,"column":16},"skip":true},{"start":{"line":129,"column":16},"end":{"line":129,"column":16},"skip":true}]},"16":{"line":134,"type":"cond-expr","locations":[{"start":{"line":135,"column":26},"end":{"line":135,"column":29},"skip":true},{"start":{"line":136,"column":26},"end":{"line":136,"column":54},"skip":true}]},"17":{"line":164,"type":"binary-expr","locations":[{"start":{"line":164,"column":27},"end":{"line":164,"column":43},"skip":true},{"start":{"line":164,"column":47},"end":{"line":164,"column":49},"skip":true}]},"18":{"line":258,"type":"if","locations":[{"start":{"line":258,"column":8},"end":{"line":258,"column":8},"skip":true},{"start":{"line":258,"column":8},"end":{"line":258,"column":8},"skip":true}]},"19":{"line":275,"type":"switch","locations":[{"start":{"line":276,"column":20},"end":{"line":277,"column":64},"skip":true},{"start":{"line":278,"column":20},"end":{"line":279,"column":40},"skip":true},{"start":{"line":280,"column":20},"end":{"line":281,"column":40},"skip":true},{"start":{"line":282,"column":20},"end":{"line":283,"column":39},"skip":true}]},"20":{"line":288,"type":"if","locations":[{"start":{"line":288,"column":8},"end":{"line":288,"column":8},"skip":true},{"start":{"line":288,"column":8},"end":{"line":288,"column":8},"skip":true}]},"21":{"line":288,"type":"binary-expr","locations":[{"start":{"line":288,"column":12},"end":{"line":288,"column":40},"skip":true},{"start":{"line":288,"column":44},"end":{"line":288,"column":67},"skip":true}]},"22":{"line":292,"type":"binary-expr","locations":[{"start":{"line":292,"column":12},"end":{"line":292,"column":50},"skip":true},{"start":{"line":293,"column":12},"end":{"line":293,"column":53},"skip":true}]},"23":{"line":297,"type":"binary-expr","locations":[{"start":{"line":297,"column":12},"end":{"line":297,"column":69},"skip":true},{"start":{"line":298,"column":12},"end":{"line":301,"column":36},"skip":true}]},"24":{"line":303,"type":"binary-expr","locations":[{"start":{"line":303,"column":43},"end":{"line":303,"column":75},"skip":true},{"start":{"line":303,"column":79},"end":{"line":303,"column":81},"skip":true}]},"25":{"line":306,"type":"if","locations":[{"start":{"line":306,"column":8},"end":{"line":306,"column":8},"skip":true},{"start":{"line":306,"column":8},"end":{"line":306,"column":8},"skip":true}]},"26":{"line":310,"type":"if","locations":[{"start":{"line":310,"column":8},"end":{"line":310,"column":8},"skip":true},{"start":{"line":310,"column":8},"end":{"line":310,"column":8},"skip":true}]},"27":{"line":313,"type":"binary-expr","locations":[{"start":{"line":313,"column":27},"end":{"line":313,"column":43},"skip":true},{"start":{"line":313,"column":47},"end":{"line":313,"column":53},"skip":true}]},"28":{"line":317,"type":"if","locations":[{"start":{"line":317,"column":12},"end":{"line":317,"column":12},"skip":true},{"start":{"line":317,"column":12},"end":{"line":317,"column":12},"skip":true}]}},"code":["/*","example.js","","quickstart example","","instruction","    1. save this script as example.js","    2. run the shell command:","        $ npm install npmtest-stream-json && PORT=8081 node example.js","    3. play with the browser-demo on http://127.0.0.1:8081","*/","","","","/* istanbul instrument in package npmtest_stream_json */","/*jslint","    bitwise: true,","    browser: true,","    maxerr: 8,","    maxlen: 96,","    node: true,","    nomen: true,","    regexp: true,","    stupid: true","*/","(function () {","    'use strict';","    var local;","","","","    // run shared js-env code - pre-init","    (function () {","        // init local","        local = {};","        // init modeJs","        local.modeJs = (function () {","            try {","                return typeof navigator.userAgent === 'string' &&","                    typeof document.querySelector('body') === 'object' &&","                    typeof XMLHttpRequest.prototype.open === 'function' &&","                    'browser';","            } catch (errorCaughtBrowser) {","                return module.exports &&","                    typeof process.versions.node === 'string' &&","                    typeof require('http').createServer === 'function' &&","                    'node';","            }","        }());","        // init global","        local.global = local.modeJs === 'browser'","            ? window","            : global;","        // init utility2_rollup","        local = local.global.utility2_rollup || (local.modeJs === 'browser'","            ? local.global.utility2_npmtest_stream_json","            : global.utility2_moduleExports);","        // export local","        local.global.local = local;","    }());","    switch (local.modeJs) {","","","","    // post-init","    // run browser js-env code - post-init","    /* istanbul ignore next */","    case 'browser':","        local.testRunBrowser = function (event) {","            if (!event || (event &&","                    event.currentTarget &&","                    event.currentTarget.className &&","                    event.currentTarget.className.includes &&","                    event.currentTarget.className.includes('onreset'))) {","                // reset output","                Array.from(","                    document.querySelectorAll('body > .resettable')","                ).forEach(function (element) {","                    switch (element.tagName) {","                    case 'INPUT':","                    case 'TEXTAREA':","                        element.value = '';","                        break;","                    default:","                        element.textContent = '';","                    }","                });","            }","            switch (event && event.currentTarget && event.currentTarget.id) {","            case 'testRunButton1':","                // show tests","                if (document.querySelector('#testReportDiv1').style.display === 'none') {","                    document.querySelector('#testReportDiv1').style.display = 'block';","                    document.querySelector('#testRunButton1').textContent =","                        'hide internal test';","                    local.modeTest = true;","                    local.testRunDefault(local);","                // hide tests","                } else {","                    document.querySelector('#testReportDiv1').style.display = 'none';","                    document.querySelector('#testRunButton1').textContent = 'run internal test';","                }","                break;","            // custom-case","            default:","                break;","            }","            if (document.querySelector('#inputTextareaEval1') && (!event || (event &&","                    event.currentTarget &&","                    event.currentTarget.className &&","                    event.currentTarget.className.includes &&","                    event.currentTarget.className.includes('oneval')))) {","                // try to eval input-code","                try {","                    /*jslint evil: true*/","                    eval(document.querySelector('#inputTextareaEval1').value);","                } catch (errorCaught) {","                    console.error(errorCaught);","                }","            }","        };","        // log stderr and stdout to #outputTextareaStdout1","        ['error', 'log'].forEach(function (key) {","            console[key + '_original'] = console[key];","            console[key] = function () {","                var element;","                console[key + '_original'].apply(console, arguments);","                element = document.querySelector('#outputTextareaStdout1');","                if (!element) {","                    return;","                }","                // append text to #outputTextareaStdout1","                element.value += Array.from(arguments).map(function (arg) {","                    return typeof arg === 'string'","                        ? arg","                        : JSON.stringify(arg, null, 4);","                }).join(' ') + '\\n';","                // scroll textarea to bottom","                element.scrollTop = element.scrollHeight;","            };","        });","        // init event-handling","        ['change', 'click', 'keyup'].forEach(function (event) {","            Array.from(document.querySelectorAll('.on' + event)).forEach(function (element) {","                element.addEventListener(event, local.testRunBrowser);","            });","        });","        // run tests","        local.testRunBrowser();","        break;","","","","    // run node js-env code - post-init","    /* istanbul ignore next */","    case 'node':","        // export local","        module.exports = local;","        // require modules","        local.fs = require('fs');","        local.http = require('http');","        local.url = require('url');","        // init assets","        local.assetsDict = local.assetsDict || {};","        /* jslint-ignore-begin */","        local.assetsDict['/assets.index.template.html'] = '\\","<!doctype html>\\n\\","<html lang=\"en\">\\n\\","<head>\\n\\","<meta charset=\"UTF-8\">\\n\\","<meta name=\"viewport\" content=\"width=device-width, initial-scale=1\">\\n\\","<title>{{env.npm_package_name}} (v{{env.npm_package_version}})</title>\\n\\","<style>\\n\\","/*csslint\\n\\","    box-sizing: false,\\n\\","    universal-selector: false\\n\\","*/\\n\\","* {\\n\\","    box-sizing: border-box;\\n\\","}\\n\\","body {\\n\\","    background: #dde;\\n\\","    font-family: Arial, Helvetica, sans-serif;\\n\\","    margin: 2rem;\\n\\","}\\n\\","body > * {\\n\\","    margin-bottom: 1rem;\\n\\","}\\n\\",".utility2FooterDiv {\\n\\","    margin-top: 20px;\\n\\","    text-align: center;\\n\\","}\\n\\","</style>\\n\\","<style>\\n\\","/*csslint\\n\\","*/\\n\\","textarea {\\n\\","    font-family: monospace;\\n\\","    height: 10rem;\\n\\","    width: 100%;\\n\\","}\\n\\","textarea[readonly] {\\n\\","    background: #ddd;\\n\\","}\\n\\","</style>\\n\\","</head>\\n\\","<body>\\n\\","<!-- utility2-comment\\n\\","<div id=\"ajaxProgressDiv1\" style=\"background: #d00; height: 2px; left: 0; margin: 0; padding: 0; position: fixed; top: 0; transition: background 0.5s, width 1.5s; width: 25%;\"></div>\\n\\","utility2-comment -->\\n\\","<h1>\\n\\","<!-- utility2-comment\\n\\","    <a\\n\\","        {{#if env.npm_package_homepage}}\\n\\","        href=\"{{env.npm_package_homepage}}\"\\n\\","        {{/if env.npm_package_homepage}}\\n\\","        target=\"_blank\"\\n\\","    >\\n\\","utility2-comment -->\\n\\","        {{env.npm_package_name}} (v{{env.npm_package_version}})\\n\\","<!-- utility2-comment\\n\\","    </a>\\n\\","utility2-comment -->\\n\\","</h1>\\n\\","<h3>{{env.npm_package_description}}</h3>\\n\\","<!-- utility2-comment\\n\\","<h4><a download href=\"assets.app.js\">download standalone app</a></h4>\\n\\","<button class=\"onclick onreset\" id=\"testRunButton1\">run internal test</button><br>\\n\\","<div id=\"testReportDiv1\" style=\"display: none;\"></div>\\n\\","utility2-comment -->\\n\\","\\n\\","\\n\\","\\n\\","<label>stderr and stdout</label>\\n\\","<textarea class=\"resettable\" id=\"outputTextareaStdout1\" readonly></textarea>\\n\\","<!-- utility2-comment\\n\\","{{#if isRollup}}\\n\\","<script src=\"assets.app.js\"></script>\\n\\","{{#unless isRollup}}\\n\\","utility2-comment -->\\n\\","<script src=\"assets.utility2.rollup.js\"></script>\\n\\","<script src=\"jsonp.utility2._stateInit?callback=window.utility2._stateInit\"></script>\\n\\","<script src=\"assets.npmtest_stream_json.rollup.js\"></script>\\n\\","<script src=\"assets.example.js\"></script>\\n\\","<script src=\"assets.test.js\"></script>\\n\\","<!-- utility2-comment\\n\\","{{/if isRollup}}\\n\\","utility2-comment -->\\n\\","<div class=\"utility2FooterDiv\">\\n\\","    [ this app was created with\\n\\","    <a href=\"https://github.com/kaizhu256/node-utility2\" target=\"_blank\">utility2</a>\\n\\","    ]\\n\\","</div>\\n\\","</body>\\n\\","</html>\\n\\","';","        /* jslint-ignore-end */","        if (local.templateRender) {","            local.assetsDict['/'] = local.templateRender(","                local.assetsDict['/assets.index.template.html'],","                {","                    env: local.objectSetDefault(local.env, {","                        npm_package_description: 'the greatest app in the world!',","                        npm_package_name: 'my-app',","                        npm_package_nameAlias: 'my_app',","                        npm_package_version: '0.0.1'","                    })","                }","            );","        } else {","            local.assetsDict['/'] = local.assetsDict['/assets.index.template.html']","                .replace((/\\{\\{env\\.(\\w+?)\\}\\}/g), function (match0, match1) {","                    // jslint-hack","                    String(match0);","                    switch (match1) {","                    case 'npm_package_description':","                        return 'the greatest app in the world!';","                    case 'npm_package_name':","                        return 'my-app';","                    case 'npm_package_nameAlias':","                        return 'my_app';","                    case 'npm_package_version':","                        return '0.0.1';","                    }","                });","        }","        // run the cli","        if (local.global.utility2_rollup || module !== require.main) {","            break;","        }","        local.assetsDict['/assets.example.js'] =","            local.assetsDict['/assets.example.js'] ||","            local.fs.readFileSync(__filename, 'utf8');","        // bug-workaround - long $npm_package_buildCustomOrg","        /* jslint-ignore-begin */","        local.assetsDict['/assets.npmtest_stream_json.rollup.js'] =","            local.assetsDict['/assets.npmtest_stream_json.rollup.js'] ||","            local.fs.readFileSync(","                local.npmtest_stream_json.__dirname + '/lib.npmtest_stream_json.js',","                'utf8'","            ).replace((/^#!/), '//');","        /* jslint-ignore-end */","        local.assetsDict['/favicon.ico'] = local.assetsDict['/favicon.ico'] || '';","        // if $npm_config_timeout_exit exists,","        // then exit this process after $npm_config_timeout_exit ms","        if (Number(process.env.npm_config_timeout_exit)) {","            setTimeout(process.exit, Number(process.env.npm_config_timeout_exit));","        }","        // start server","        if (local.global.utility2_serverHttp1) {","            break;","        }","        process.env.PORT = process.env.PORT || '8081';","        console.error('server starting on port ' + process.env.PORT);","        local.http.createServer(function (request, response) {","            request.urlParsed = local.url.parse(request.url);","            if (local.assetsDict[request.urlParsed.pathname] !== undefined) {","                response.end(local.assetsDict[request.urlParsed.pathname]);","                return;","            }","            response.statusCode = 404;","            response.end();","        }).listen(process.env.PORT);","        break;","    }","}());",""],"l":{"26":2,"28":2,"33":2,"35":2,"37":2,"38":2,"39":2,"44":1,"51":2,"55":2,"59":2,"61":2,"69":1,"70":2,"76":2,"79":2,"82":2,"83":2,"85":1,"89":2,"92":1,"93":1,"94":1,"96":1,"97":1,"100":1,"101":1,"103":1,"106":1,"108":2,"114":1,"116":1,"118":1,"123":1,"124":2,"125":2,"126":3,"127":3,"128":3,"129":3,"130":1,"133":3,"134":3,"139":3,"143":1,"144":3,"145":1,"149":1,"150":1,"158":1,"160":1,"161":1,"162":1,"164":1,"166":1,"258":1,"259":1,"271":1,"274":6,"275":6,"277":1,"279":2,"281":1,"283":2,"288":1,"289":1,"291":1,"296":1,"303":1,"306":1,"307":1,"310":1,"311":1,"313":1,"314":1,"315":1,"316":1,"317":1,"318":1,"319":1,"321":1,"322":1,"324":1}},"/home/travis/build/npmtest/node-npmtest-stream-json/node_modules/stream-json/main.js":{"path":"/home/travis/build/npmtest/node-npmtest-stream-json/node_modules/stream-json/main.js","s":{"1":1,"2":1,"3":1,"4":0,"5":0,"6":0,"7":0,"8":1},"b":{"1":[0,0],"2":[0,0],"3":[0,0,0],"4":[0,0]},"f":{"1":0},"fnMap":{"1":{"name":"makeSource","line":8,"loc":{"start":{"line":8,"column":0},"end":{"line":8,"column":28}}}},"statementMap":{"1":{"start":{"line":4,"column":0},"end":{"line":4,"column":32}},"2":{"start":{"line":5,"column":0},"end":{"line":5,"column":33}},"3":{"start":{"line":8,"column":0},"end":{"line":14,"column":1}},"4":{"start":{"line":9,"column":1},"end":{"line":12,"column":2}},"5":{"start":{"line":10,"column":2},"end":{"line":10,"column":50}},"6":{"start":{"line":11,"column":2},"end":{"line":11,"column":70}},"7":{"start":{"line":13,"column":1},"end":{"line":13,"column":41}},"8":{"start":{"line":17,"column":0},"end":{"line":17,"column":28}}},"branchMap":{"1":{"line":9,"type":"if","locations":[{"start":{"line":9,"column":1},"end":{"line":9,"column":1}},{"start":{"line":9,"column":1},"end":{"line":9,"column":1}}]},"2":{"line":9,"type":"binary-expr","locations":[{"start":{"line":9,"column":4},"end":{"line":9,"column":12}},{"start":{"line":9,"column":16},"end":{"line":9,"column":96}}]},"3":{"line":9,"type":"binary-expr","locations":[{"start":{"line":9,"column":18},"end":{"line":9,"column":39}},{"start":{"line":9,"column":43},"end":{"line":9,"column":67}},{"start":{"line":9,"column":71},"end":{"line":9,"column":95}}]},"4":{"line":10,"type":"cond-expr","locations":[{"start":{"line":10,"column":22},"end":{"line":10,"column":44}},{"start":{"line":10,"column":47},"end":{"line":10,"column":49}}]}},"code":["\"use strict\";","","","var Combo  = require(\"./Combo\");","var Source = require(\"./Source\");","","","function makeSource(options){","\tif(!options || !(\"packKeys\" in options || \"packStrings\" in options || \"packNumbers\" in options)){","\t\toptions = options ? Object.create(options) : {};","\t\toptions.packKeys = options.packStrings = options.packNumbers = true;","\t}","\treturn new Source([new Combo(options)]);","}","","","module.exports = makeSource;",""],"l":{"4":1,"5":1,"8":1,"9":0,"10":0,"11":0,"13":0,"17":1}},"/home/travis/build/npmtest/node-npmtest-stream-json/node_modules/stream-json/Combo.js":{"path":"/home/travis/build/npmtest/node-npmtest-stream-json/node_modules/stream-json/Combo.js","s":{"1":1,"2":1,"3":1,"4":0,"5":0,"6":0,"7":0,"8":0,"9":0,"10":0,"11":0,"12":0,"13":0,"14":0,"15":0,"16":0,"17":0,"18":1,"19":1,"20":0,"21":0,"22":1,"23":0,"24":0,"25":0,"26":0,"27":0,"28":0,"29":0,"30":0,"31":0,"32":0,"33":0,"34":1,"35":1,"36":1,"37":0,"38":1,"39":1,"40":0,"41":0,"42":0,"43":0,"44":0,"45":0,"46":0,"47":0,"48":0,"49":0,"50":0,"51":0,"52":0,"53":0,"54":0,"55":0,"56":0,"57":0,"58":0,"59":0,"60":0,"61":0,"62":0,"63":0,"64":0,"65":0,"66":0,"67":0,"68":0,"69":0,"70":0,"71":0,"72":0,"73":0,"74":0,"75":0,"76":0,"77":0,"78":0,"79":0,"80":0,"81":0,"82":0,"83":0,"84":0,"85":0,"86":0,"87":0,"88":0,"89":0,"90":0,"91":0,"92":0,"93":0,"94":0,"95":0,"96":0,"97":0,"98":0,"99":0,"100":0,"101":0,"102":0,"103":0,"104":0,"105":0,"106":0,"107":0,"108":0,"109":0,"110":0,"111":0,"112":0,"113":0,"114":0,"115":0,"116":0,"117":0,"118":0,"119":0,"120":0,"121":0,"122":0,"123":0,"124":0,"125":0,"126":0,"127":0,"128":0,"129":0,"130":0,"131":0,"132":0,"133":0,"134":0,"135":0,"136":0,"137":0,"138":0,"139":0,"140":0,"141":0,"142":0,"143":0,"144":0,"145":0,"146":0,"147":0,"148":0,"149":0,"150":0,"151":0,"152":0,"153":0,"154":0,"155":0,"156":0,"157":0,"158":0,"159":0,"160":0,"161":0,"162":0,"163":0,"164":0,"165":0,"166":0,"167":0,"168":0,"169":0,"170":0,"171":0,"172":0,"173":0,"174":0,"175":0,"176":0,"177":0,"178":0,"179":0,"180":0,"181":0,"182":0,"183":0,"184":0,"185":0,"186":0,"187":0,"188":0,"189":0,"190":0,"191":0,"192":0,"193":0,"194":0,"195":0,"196":0,"197":0,"198":0,"199":0,"200":0,"201":0,"202":0,"203":0,"204":0,"205":0,"206":0,"207":0,"208":0,"209":0,"210":0,"211":0,"212":0,"213":0,"214":0,"215":0,"216":0,"217":0,"218":0,"219":0,"220":0,"221":0,"222":0,"223":0,"224":0,"225":0,"226":0,"227":0,"228":0,"229":0,"230":0,"231":0,"232":0,"233":0,"234":0,"235":0,"236":0,"237":0,"238":0,"239":0,"240":0,"241":0,"242":0,"243":0,"244":0,"245":0,"246":0,"247":0,"248":0,"249":0,"250":0,"251":0,"252":0,"253":0,"254":0,"255":0,"256":0,"257":0,"258":0,"259":0,"260":0,"261":0,"262":0,"263":0,"264":0,"265":0,"266":0,"267":0,"268":0,"269":0,"270":0,"271":0,"272":0,"273":0,"274":0,"275":0,"276":0,"277":0,"278":0,"279":0,"280":0,"281":0,"282":0,"283":0,"284":0,"285":0,"286":0,"287":0,"288":0,"289":0,"290":0,"291":0,"292":0,"293":0,"294":0,"295":0,"296":0,"297":0,"298":0,"299":0,"300":0,"301":0,"302":0,"303":0,"304":0,"305":0,"306":0,"307":0,"308":0,"309":0,"310":0,"311":0,"312":0,"313":0,"314":0,"315":0,"316":0,"317":0,"318":0,"319":0,"320":0,"321":1},"b":{"1":[0,0],"2":[0,0],"3":[0,0],"4":[0,0],"5":[0,0,0,0,0,0,0,0,0,0,0,0,0,0,0,0,0,0,0],"6":[0,0],"7":[0,0],"8":[0,0],"9":[0,0],"10":[0,0,0,0,0,0,0,0,0,0,0,0,0,0,0,0,0,0],"11":[0,0],"12":[0,0],"13":[0,0],"14":[0,0],"15":[0,0],"16":[0,0],"17":[0,0],"18":[0,0],"19":[0,0],"20":[0,0],"21":[0,0],"22":[0,0],"23":[0,0],"24":[0,0],"25":[0,0],"26":[0,0],"27":[0,0],"28":[0,0],"29":[0,0],"30":[0,0],"31":[0,0],"32":[0,0],"33":[0,0],"34":[0,0],"35":[0,0],"36":[0,0],"37":[0,0],"38":[0,0],"39":[0,0],"40":[0,0],"41":[0,0],"42":[0,0],"43":[0,0],"44":[0,0],"45":[0,0],"46":[0,0],"47":[0,0],"48":[0,0],"49":[0,0],"50":[0,0],"51":[0,0],"52":[0,0],"53":[0,0],"54":[0,0],"55":[0,0],"56":[0,0],"57":[0,0],"58":[0,0],"59":[0,0],"60":[0,0],"61":[0,0],"62":[0,0],"63":[0,0],"64":[0,0],"65":[0,0],"66":[0,0],"67":[0,0],"68":[0,0],"69":[0,0],"70":[0,0],"71":[0,0],"72":[0,0],"73":[0,0],"74":[0,0],"75":[0,0],"76":[0,0],"77":[0,0],"78":[0,0],"79":[0,0],"80":[0,0],"81":[0,0],"82":[0,0],"83":[0,0],"84":[0,0],"85":[0,0],"86":[0,0],"87":[0,0],"88":[0,0],"89":[0,0],"90":[0,0],"91":[0,0],"92":[0,0],"93":[0,0],"94":[0,0],"95":[0,0],"96":[0,0]},"f":{"1":0,"2":0,"3":0,"4":0,"5":0,"6":0},"fnMap":{"1":{"name":"Parser","line":8,"loc":{"start":{"line":8,"column":0},"end":{"line":8,"column":24}}},"2":{"name":"transform","line":29,"loc":{"start":{"line":29,"column":30},"end":{"line":29,"column":75}}},"3":{"name":"flush","line":34,"loc":{"start":{"line":34,"column":26},"end":{"line":34,"column":50}}},"4":{"name":"(anonymous_4)","line":36,"loc":{"start":{"line":36,"column":20},"end":{"line":36,"column":33}}},"5":{"name":"fromHex","line":73,"loc":{"start":{"line":73,"column":0},"end":{"line":73,"column":19}}},"6":{"name":"(anonymous_6)","line":78,"loc":{"start":{"line":78,"column":33},"end":{"line":78,"column":51}}}},"statementMap":{"1":{"start":{"line":4,"column":0},"end":{"line":4,"column":27}},"2":{"start":{"line":5,"column":0},"end":{"line":5,"column":44}},"3":{"start":{"line":8,"column":0},"end":{"line":26,"column":1}},"4":{"start":{"line":9,"column":1},"end":{"line":9,"column":31}},"5":{"start":{"line":10,"column":1},"end":{"line":10,"column":40}},"6":{"start":{"line":11,"column":1},"end":{"line":11,"column":39}},"7":{"start":{"line":13,"column":1},"end":{"line":17,"column":2}},"8":{"start":{"line":14,"column":2},"end":{"line":14,"column":39}},"9":{"start":{"line":15,"column":2},"end":{"line":15,"column":42}},"10":{"start":{"line":16,"column":2},"end":{"line":16,"column":42}},"11":{"start":{"line":19,"column":1},"end":{"line":19,"column":19}},"12":{"start":{"line":20,"column":1},"end":{"line":20,"column":22}},"13":{"start":{"line":21,"column":1},"end":{"line":21,"column":24}},"14":{"start":{"line":22,"column":1},"end":{"line":22,"column":19}},"15":{"start":{"line":23,"column":1},"end":{"line":23,"column":19}},"16":{"start":{"line":24,"column":1},"end":{"line":24,"column":27}},"17":{"start":{"line":25,"column":1},"end":{"line":25,"column":24}},"18":{"start":{"line":27,"column":0},"end":{"line":27,"column":33}},"19":{"start":{"line":29,"column":0},"end":{"line":32,"column":2}},"20":{"start":{"line":30,"column":1},"end":{"line":30,"column":34}},"21":{"start":{"line":31,"column":1},"end":{"line":31,"column":30}},"22":{"start":{"line":34,"column":0},"end":{"line":51,"column":2}},"23":{"start":{"line":35,"column":1},"end":{"line":35,"column":19}},"24":{"start":{"line":36,"column":1},"end":{"line":50,"column":15}},"25":{"start":{"line":37,"column":2},"end":{"line":49,"column":3}},"26":{"start":{"line":38,"column":3},"end":{"line":38,"column":17}},"27":{"start":{"line":40,"column":3},"end":{"line":47,"column":4}},"28":{"start":{"line":41,"column":4},"end":{"line":41,"column":35}},"29":{"start":{"line":42,"column":4},"end":{"line":42,"column":30}},"30":{"start":{"line":43,"column":4},"end":{"line":46,"column":5}},"31":{"start":{"line":44,"column":5},"end":{"line":44,"column":64}},"32":{"start":{"line":45,"column":5},"end":{"line":45,"column":28}},"33":{"start":{"line":48,"column":3},"end":{"line":48,"column":14}},"34":{"start":{"line":53,"column":0},"end":{"line":67,"column":31}},"35":{"start":{"line":69,"column":0},"end":{"line":70,"column":67}},"36":{"start":{"line":73,"column":0},"end":{"line":73,"column":76}},"37":{"start":{"line":73,"column":21},"end":{"line":73,"column":74}},"38":{"start":{"line":76,"column":0},"end":{"line":76,"column":90}},"39":{"start":{"line":78,"column":0},"end":{"line":490,"column":1}},"40":{"start":{"line":79,"column":1},"end":{"line":79,"column":18}},"41":{"start":{"line":80,"column":1},"end":{"line":488,"column":2}},"42":{"start":{"line":80,"column":7},"end":{"line":488,"column":2}},"43":{"start":{"line":81,"column":2},"end":{"line":487,"column":3}},"44":{"start":{"line":84,"column":4},"end":{"line":84,"column":38}},"45":{"start":{"line":85,"column":4},"end":{"line":96,"column":5}},"46":{"start":{"line":86,"column":5},"end":{"line":90,"column":6}},"47":{"start":{"line":87,"column":6},"end":{"line":89,"column":7}},"48":{"start":{"line":88,"column":7},"end":{"line":88,"column":81}},"49":{"start":{"line":91,"column":5},"end":{"line":93,"column":6}},"50":{"start":{"line":92,"column":6},"end":{"line":92,"column":64}},"51":{"start":{"line":95,"column":5},"end":{"line":95,"column":16}},"52":{"start":{"line":97,"column":4},"end":{"line":97,"column":21}},"53":{"start":{"line":98,"column":4},"end":{"line":177,"column":5}},"54":{"start":{"line":100,"column":6},"end":{"line":100,"column":39}},"55":{"start":{"line":101,"column":6},"end":{"line":101,"column":30}},"56":{"start":{"line":102,"column":6},"end":{"line":102,"column":12}},"57":{"start":{"line":104,"column":6},"end":{"line":104,"column":39}},"58":{"start":{"line":105,"column":6},"end":{"line":105,"column":37}},"59":{"start":{"line":106,"column":6},"end":{"line":106,"column":30}},"60":{"start":{"line":107,"column":6},"end":{"line":107,"column":28}},"61":{"start":{"line":108,"column":6},"end":{"line":108,"column":12}},"62":{"start":{"line":110,"column":6},"end":{"line":110,"column":38}},"63":{"start":{"line":111,"column":6},"end":{"line":111,"column":37}},"64":{"start":{"line":112,"column":6},"end":{"line":112,"column":29}},"65":{"start":{"line":113,"column":6},"end":{"line":113,"column":30}},"66":{"start":{"line":114,"column":6},"end":{"line":114,"column":12}},"67":{"start":{"line":116,"column":6},"end":{"line":118,"column":7}},"68":{"start":{"line":117,"column":7},"end":{"line":117,"column":85}},"69":{"start":{"line":119,"column":6},"end":{"line":126,"column":7}},"70":{"start":{"line":120,"column":7},"end":{"line":120,"column":38}},"71":{"start":{"line":121,"column":7},"end":{"line":121,"column":33}},"72":{"start":{"line":122,"column":7},"end":{"line":125,"column":8}},"73":{"start":{"line":123,"column":8},"end":{"line":123,"column":67}},"74":{"start":{"line":124,"column":8},"end":{"line":124,"column":31}},"75":{"start":{"line":127,"column":6},"end":{"line":127,"column":36}},"76":{"start":{"line":128,"column":6},"end":{"line":128,"column":39}},"77":{"start":{"line":129,"column":6},"end":{"line":129,"column":44}},"78":{"start":{"line":130,"column":6},"end":{"line":130,"column":12}},"79":{"start":{"line":132,"column":6},"end":{"line":132,"column":31}},"80":{"start":{"line":133,"column":6},"end":{"line":133,"column":39}},"81":{"start":{"line":134,"column":6},"end":{"line":134,"column":51}},"82":{"start":{"line":135,"column":6},"end":{"line":137,"column":7}},"83":{"start":{"line":136,"column":7},"end":{"line":136,"column":31}},"84":{"start":{"line":138,"column":6},"end":{"line":138,"column":35}},"85":{"start":{"line":139,"column":6},"end":{"line":139,"column":12}},"86":{"start":{"line":141,"column":6},"end":{"line":141,"column":31}},"87":{"start":{"line":142,"column":6},"end":{"line":142,"column":39}},"88":{"start":{"line":143,"column":6},"end":{"line":143,"column":51}},"89":{"start":{"line":144,"column":6},"end":{"line":146,"column":7}},"90":{"start":{"line":145,"column":7},"end":{"line":145,"column":31}},"91":{"start":{"line":147,"column":6},"end":{"line":147,"column":38}},"92":{"start":{"line":148,"column":6},"end":{"line":148,"column":12}},"93":{"start":{"line":158,"column":6},"end":{"line":158,"column":31}},"94":{"start":{"line":159,"column":6},"end":{"line":159,"column":39}},"95":{"start":{"line":160,"column":6},"end":{"line":160,"column":53}},"96":{"start":{"line":161,"column":6},"end":{"line":163,"column":7}},"97":{"start":{"line":162,"column":7},"end":{"line":162,"column":33}},"98":{"start":{"line":164,"column":6},"end":{"line":164,"column":35}},"99":{"start":{"line":165,"column":6},"end":{"line":165,"column":12}},"100":{"start":{"line":169,"column":6},"end":{"line":172,"column":7}},"101":{"start":{"line":171,"column":7},"end":{"line":171,"column":18}},"102":{"start":{"line":173,"column":6},"end":{"line":173,"column":63}},"103":{"start":{"line":174,"column":6},"end":{"line":174,"column":44}},"104":{"start":{"line":175,"column":6},"end":{"line":175,"column":12}},"105":{"start":{"line":178,"column":4},"end":{"line":178,"column":56}},"106":{"start":{"line":179,"column":4},"end":{"line":179,"column":10}},"107":{"start":{"line":182,"column":4},"end":{"line":182,"column":38}},"108":{"start":{"line":183,"column":4},"end":{"line":194,"column":5}},"109":{"start":{"line":184,"column":5},"end":{"line":188,"column":6}},"110":{"start":{"line":185,"column":6},"end":{"line":187,"column":7}},"111":{"start":{"line":186,"column":7},"end":{"line":186,"column":83}},"112":{"start":{"line":189,"column":5},"end":{"line":191,"column":6}},"113":{"start":{"line":190,"column":6},"end":{"line":190,"column":71}},"114":{"start":{"line":193,"column":5},"end":{"line":193,"column":16}},"115":{"start":{"line":195,"column":4},"end":{"line":195,"column":21}},"116":{"start":{"line":196,"column":4},"end":{"line":223,"column":5}},"117":{"start":{"line":197,"column":5},"end":{"line":211,"column":6}},"118":{"start":{"line":198,"column":6},"end":{"line":198,"column":34}},"119":{"start":{"line":199,"column":6},"end":{"line":202,"column":7}},"120":{"start":{"line":200,"column":7},"end":{"line":200,"column":63}},"121":{"start":{"line":201,"column":7},"end":{"line":201,"column":30}},"122":{"start":{"line":203,"column":6},"end":{"line":203,"column":29}},"123":{"start":{"line":205,"column":6},"end":{"line":205,"column":37}},"124":{"start":{"line":206,"column":6},"end":{"line":209,"column":7}},"125":{"start":{"line":207,"column":7},"end":{"line":207,"column":66}},"126":{"start":{"line":208,"column":7},"end":{"line":208,"column":30}},"127":{"start":{"line":210,"column":6},"end":{"line":210,"column":44}},"128":{"start":{"line":212,"column":10},"end":{"line":223,"column":5}},"129":{"start":{"line":213,"column":5},"end":{"line":213,"column":73}},"130":{"start":{"line":214,"column":5},"end":{"line":214,"column":48}},"131":{"start":{"line":215,"column":5},"end":{"line":217,"column":6}},"132":{"start":{"line":216,"column":6},"end":{"line":216,"column":29}},"133":{"start":{"line":219,"column":5},"end":{"line":219,"column":52}},"134":{"start":{"line":220,"column":5},"end":{"line":222,"column":6}},"135":{"start":{"line":221,"column":6},"end":{"line":221,"column":33}},"136":{"start":{"line":224,"column":4},"end":{"line":224,"column":56}},"137":{"start":{"line":225,"column":4},"end":{"line":225,"column":10}},"138":{"start":{"line":228,"column":4},"end":{"line":228,"column":36}},"139":{"start":{"line":229,"column":4},"end":{"line":235,"column":5}},"140":{"start":{"line":230,"column":5},"end":{"line":232,"column":6}},"141":{"start":{"line":231,"column":6},"end":{"line":231,"column":86}},"142":{"start":{"line":234,"column":5},"end":{"line":234,"column":16}},"143":{"start":{"line":236,"column":4},"end":{"line":236,"column":21}},"144":{"start":{"line":237,"column":4},"end":{"line":247,"column":5}},"145":{"start":{"line":238,"column":5},"end":{"line":238,"column":35}},"146":{"start":{"line":239,"column":5},"end":{"line":239,"column":29}},"147":{"start":{"line":240,"column":10},"end":{"line":247,"column":5}},"148":{"start":{"line":241,"column":5},"end":{"line":243,"column":6}},"149":{"start":{"line":242,"column":6},"end":{"line":242,"column":84}},"150":{"start":{"line":244,"column":5},"end":{"line":244,"column":36}},"151":{"start":{"line":245,"column":5},"end":{"line":245,"column":38}},"152":{"start":{"line":246,"column":5},"end":{"line":246,"column":43}},"153":{"start":{"line":248,"column":4},"end":{"line":248,"column":56}},"154":{"start":{"line":249,"column":4},"end":{"line":249,"column":10}},"155":{"start":{"line":251,"column":4},"end":{"line":251,"column":37}},"156":{"start":{"line":252,"column":4},"end":{"line":258,"column":5}},"157":{"start":{"line":253,"column":5},"end":{"line":255,"column":6}},"158":{"start":{"line":254,"column":6},"end":{"line":254,"column":76}},"159":{"start":{"line":257,"column":5},"end":{"line":257,"column":16}},"160":{"start":{"line":259,"column":4},"end":{"line":259,"column":21}},"161":{"start":{"line":260,"column":4},"end":{"line":262,"column":5}},"162":{"start":{"line":261,"column":5},"end":{"line":261,"column":28}},"163":{"start":{"line":263,"column":4},"end":{"line":263,"column":56}},"164":{"start":{"line":264,"column":4},"end":{"line":264,"column":10}},"165":{"start":{"line":267,"column":4},"end":{"line":267,"column":37}},"166":{"start":{"line":268,"column":4},"end":{"line":274,"column":5}},"167":{"start":{"line":269,"column":5},"end":{"line":271,"column":6}},"168":{"start":{"line":270,"column":6},"end":{"line":270,"column":76}},"169":{"start":{"line":273,"column":5},"end":{"line":273,"column":16}},"170":{"start":{"line":275,"column":4},"end":{"line":282,"column":5}},"171":{"start":{"line":276,"column":5},"end":{"line":276,"column":36}},"172":{"start":{"line":277,"column":5},"end":{"line":277,"column":31}},"173":{"start":{"line":278,"column":5},"end":{"line":281,"column":6}},"174":{"start":{"line":279,"column":6},"end":{"line":279,"column":65}},"175":{"start":{"line":280,"column":6},"end":{"line":280,"column":29}},"176":{"start":{"line":283,"column":4},"end":{"line":283,"column":21}},"177":{"start":{"line":284,"column":4},"end":{"line":290,"column":5}},"178":{"start":{"line":285,"column":5},"end":{"line":285,"column":67}},"179":{"start":{"line":286,"column":10},"end":{"line":290,"column":5}},"180":{"start":{"line":287,"column":5},"end":{"line":287,"column":65}},"181":{"start":{"line":288,"column":5},"end":{"line":288,"column":38}},"182":{"start":{"line":289,"column":5},"end":{"line":289,"column":43}},"183":{"start":{"line":291,"column":4},"end":{"line":291,"column":56}},"184":{"start":{"line":292,"column":4},"end":{"line":292,"column":10}},"185":{"start":{"line":295,"column":4},"end":{"line":295,"column":43}},"186":{"start":{"line":296,"column":4},"end":{"line":302,"column":5}},"187":{"start":{"line":297,"column":5},"end":{"line":299,"column":6}},"188":{"start":{"line":298,"column":6},"end":{"line":298,"column":80}},"189":{"start":{"line":301,"column":5},"end":{"line":301,"column":16}},"190":{"start":{"line":303,"column":4},"end":{"line":303,"column":21}},"191":{"start":{"line":304,"column":4},"end":{"line":304,"column":51}},"192":{"start":{"line":305,"column":4},"end":{"line":307,"column":5}},"193":{"start":{"line":306,"column":5},"end":{"line":306,"column":32}},"194":{"start":{"line":308,"column":4},"end":{"line":308,"column":68}},"195":{"start":{"line":309,"column":4},"end":{"line":309,"column":56}},"196":{"start":{"line":310,"column":4},"end":{"line":310,"column":10}},"197":{"start":{"line":312,"column":4},"end":{"line":312,"column":43}},"198":{"start":{"line":313,"column":4},"end":{"line":313,"column":21}},"199":{"start":{"line":314,"column":4},"end":{"line":331,"column":5}},"200":{"start":{"line":315,"column":5},"end":{"line":315,"column":52}},"201":{"start":{"line":316,"column":5},"end":{"line":318,"column":6}},"202":{"start":{"line":317,"column":6},"end":{"line":317,"column":33}},"203":{"start":{"line":319,"column":5},"end":{"line":319,"column":57}},"204":{"start":{"line":321,"column":5},"end":{"line":324,"column":6}},"205":{"start":{"line":322,"column":6},"end":{"line":322,"column":38}},"206":{"start":{"line":323,"column":6},"end":{"line":323,"column":12}},"207":{"start":{"line":325,"column":5},"end":{"line":328,"column":6}},"208":{"start":{"line":326,"column":6},"end":{"line":326,"column":44}},"209":{"start":{"line":327,"column":6},"end":{"line":327,"column":12}},"210":{"start":{"line":330,"column":5},"end":{"line":330,"column":16}},"211":{"start":{"line":332,"column":4},"end":{"line":332,"column":10}},"212":{"start":{"line":334,"column":4},"end":{"line":334,"column":46}},"213":{"start":{"line":335,"column":4},"end":{"line":342,"column":5}},"214":{"start":{"line":336,"column":5},"end":{"line":339,"column":6}},"215":{"start":{"line":337,"column":6},"end":{"line":337,"column":44}},"216":{"start":{"line":338,"column":6},"end":{"line":338,"column":12}},"217":{"start":{"line":341,"column":5},"end":{"line":341,"column":16}},"218":{"start":{"line":343,"column":4},"end":{"line":343,"column":21}},"219":{"start":{"line":344,"column":4},"end":{"line":344,"column":51}},"220":{"start":{"line":345,"column":4},"end":{"line":347,"column":5}},"221":{"start":{"line":346,"column":5},"end":{"line":346,"column":32}},"222":{"start":{"line":348,"column":4},"end":{"line":348,"column":71}},"223":{"start":{"line":349,"column":4},"end":{"line":349,"column":56}},"224":{"start":{"line":350,"column":4},"end":{"line":350,"column":10}},"225":{"start":{"line":352,"column":4},"end":{"line":352,"column":47}},"226":{"start":{"line":353,"column":4},"end":{"line":359,"column":5}},"227":{"start":{"line":354,"column":5},"end":{"line":356,"column":6}},"228":{"start":{"line":355,"column":6},"end":{"line":355,"column":102}},"229":{"start":{"line":358,"column":5},"end":{"line":358,"column":16}},"230":{"start":{"line":360,"column":4},"end":{"line":360,"column":21}},"231":{"start":{"line":361,"column":4},"end":{"line":361,"column":51}},"232":{"start":{"line":362,"column":4},"end":{"line":364,"column":5}},"233":{"start":{"line":363,"column":5},"end":{"line":363,"column":32}},"234":{"start":{"line":365,"column":4},"end":{"line":365,"column":37}},"235":{"start":{"line":366,"column":4},"end":{"line":366,"column":56}},"236":{"start":{"line":367,"column":4},"end":{"line":367,"column":10}},"237":{"start":{"line":369,"column":4},"end":{"line":369,"column":47}},"238":{"start":{"line":370,"column":4},"end":{"line":370,"column":21}},"239":{"start":{"line":371,"column":4},"end":{"line":388,"column":5}},"240":{"start":{"line":372,"column":5},"end":{"line":372,"column":52}},"241":{"start":{"line":373,"column":5},"end":{"line":375,"column":6}},"242":{"start":{"line":374,"column":6},"end":{"line":374,"column":33}},"243":{"start":{"line":376,"column":5},"end":{"line":376,"column":57}},"244":{"start":{"line":378,"column":5},"end":{"line":381,"column":6}},"245":{"start":{"line":379,"column":6},"end":{"line":379,"column":38}},"246":{"start":{"line":380,"column":6},"end":{"line":380,"column":12}},"247":{"start":{"line":382,"column":5},"end":{"line":385,"column":6}},"248":{"start":{"line":383,"column":6},"end":{"line":383,"column":44}},"249":{"start":{"line":384,"column":6},"end":{"line":384,"column":12}},"250":{"start":{"line":387,"column":5},"end":{"line":387,"column":16}},"251":{"start":{"line":389,"column":4},"end":{"line":389,"column":10}},"252":{"start":{"line":391,"column":4},"end":{"line":391,"column":46}},"253":{"start":{"line":392,"column":4},"end":{"line":403,"column":5}},"254":{"start":{"line":393,"column":5},"end":{"line":396,"column":6}},"255":{"start":{"line":394,"column":6},"end":{"line":394,"column":44}},"256":{"start":{"line":395,"column":6},"end":{"line":395,"column":12}},"257":{"start":{"line":397,"column":5},"end":{"line":400,"column":6}},"258":{"start":{"line":398,"column":6},"end":{"line":398,"column":28}},"259":{"start":{"line":399,"column":6},"end":{"line":399,"column":12}},"260":{"start":{"line":402,"column":5},"end":{"line":402,"column":16}},"261":{"start":{"line":404,"column":4},"end":{"line":404,"column":21}},"262":{"start":{"line":405,"column":4},"end":{"line":405,"column":51}},"263":{"start":{"line":406,"column":4},"end":{"line":408,"column":5}},"264":{"start":{"line":407,"column":5},"end":{"line":407,"column":32}},"265":{"start":{"line":409,"column":4},"end":{"line":409,"column":35}},"266":{"start":{"line":410,"column":4},"end":{"line":410,"column":56}},"267":{"start":{"line":411,"column":4},"end":{"line":411,"column":10}},"268":{"start":{"line":413,"column":4},"end":{"line":413,"column":45}},"269":{"start":{"line":414,"column":4},"end":{"line":424,"column":5}},"270":{"start":{"line":415,"column":5},"end":{"line":418,"column":6}},"271":{"start":{"line":416,"column":6},"end":{"line":416,"column":38}},"272":{"start":{"line":417,"column":6},"end":{"line":417,"column":12}},"273":{"start":{"line":419,"column":5},"end":{"line":421,"column":6}},"274":{"start":{"line":420,"column":6},"end":{"line":420,"column":86}},"275":{"start":{"line":423,"column":5},"end":{"line":423,"column":16}},"276":{"start":{"line":425,"column":4},"end":{"line":425,"column":21}},"277":{"start":{"line":426,"column":4},"end":{"line":426,"column":51}},"278":{"start":{"line":427,"column":4},"end":{"line":429,"column":5}},"279":{"start":{"line":428,"column":5},"end":{"line":428,"column":32}},"280":{"start":{"line":430,"column":4},"end":{"line":430,"column":36}},"281":{"start":{"line":431,"column":4},"end":{"line":431,"column":56}},"282":{"start":{"line":432,"column":4},"end":{"line":432,"column":10}},"283":{"start":{"line":434,"column":4},"end":{"line":434,"column":46}},"284":{"start":{"line":435,"column":4},"end":{"line":441,"column":5}},"285":{"start":{"line":436,"column":5},"end":{"line":438,"column":6}},"286":{"start":{"line":437,"column":6},"end":{"line":437,"column":101}},"287":{"start":{"line":440,"column":5},"end":{"line":440,"column":16}},"288":{"start":{"line":442,"column":4},"end":{"line":442,"column":21}},"289":{"start":{"line":443,"column":4},"end":{"line":443,"column":51}},"290":{"start":{"line":444,"column":4},"end":{"line":446,"column":5}},"291":{"start":{"line":445,"column":5},"end":{"line":445,"column":32}},"292":{"start":{"line":447,"column":4},"end":{"line":447,"column":36}},"293":{"start":{"line":448,"column":4},"end":{"line":448,"column":56}},"294":{"start":{"line":449,"column":4},"end":{"line":449,"column":10}},"295":{"start":{"line":451,"column":4},"end":{"line":451,"column":46}},"296":{"start":{"line":452,"column":4},"end":{"line":452,"column":21}},"297":{"start":{"line":453,"column":4},"end":{"line":466,"column":5}},"298":{"start":{"line":454,"column":5},"end":{"line":454,"column":52}},"299":{"start":{"line":455,"column":5},"end":{"line":457,"column":6}},"300":{"start":{"line":456,"column":6},"end":{"line":456,"column":33}},"301":{"start":{"line":458,"column":5},"end":{"line":458,"column":57}},"302":{"start":{"line":460,"column":5},"end":{"line":463,"column":6}},"303":{"start":{"line":461,"column":6},"end":{"line":461,"column":44}},"304":{"start":{"line":462,"column":6},"end":{"line":462,"column":12}},"305":{"start":{"line":465,"column":5},"end":{"line":465,"column":16}},"306":{"start":{"line":467,"column":4},"end":{"line":467,"column":10}},"307":{"start":{"line":469,"column":4},"end":{"line":469,"column":34}},"308":{"start":{"line":470,"column":4},"end":{"line":476,"column":5}},"309":{"start":{"line":471,"column":5},"end":{"line":473,"column":6}},"310":{"start":{"line":472,"column":6},"end":{"line":472,"column":85}},"311":{"start":{"line":475,"column":5},"end":{"line":475,"column":16}},"312":{"start":{"line":477,"column":4},"end":{"line":484,"column":5}},"313":{"start":{"line":478,"column":5},"end":{"line":478,"column":36}},"314":{"start":{"line":479,"column":5},"end":{"line":479,"column":31}},"315":{"start":{"line":480,"column":5},"end":{"line":483,"column":6}},"316":{"start":{"line":481,"column":6},"end":{"line":481,"column":65}},"317":{"start":{"line":482,"column":6},"end":{"line":482,"column":29}},"318":{"start":{"line":485,"column":4},"end":{"line":485,"column":59}},"319":{"start":{"line":486,"column":4},"end":{"line":486,"column":10}},"320":{"start":{"line":489,"column":1},"end":{"line":489,"column":12}},"321":{"start":{"line":492,"column":0},"end":{"line":492,"column":24}}},"branchMap":{"1":{"line":13,"type":"if","locations":[{"start":{"line":13,"column":1},"end":{"line":13,"column":1}},{"start":{"line":13,"column":1},"end":{"line":13,"column":1}}]},"2":{"line":37,"type":"if","locations":[{"start":{"line":37,"column":2},"end":{"line":37,"column":2}},{"start":{"line":37,"column":2},"end":{"line":37,"column":2}}]},"3":{"line":40,"type":"if","locations":[{"start":{"line":40,"column":3},"end":{"line":40,"column":3}},{"start":{"line":40,"column":3},"end":{"line":40,"column":3}}]},"4":{"line":43,"type":"if","locations":[{"start":{"line":43,"column":4},"end":{"line":43,"column":4}},{"start":{"line":43,"column":4},"end":{"line":43,"column":4}}]},"5":{"line":81,"type":"s
[...]
n":70}}},"7":{"name":"make","line":111,"loc":{"start":{"line":111,"column":27},"end":{"line":111,"column":49}}},"8":{"name":"(anonymous_8)","line":119,"loc":{"start":{"line":119,"column":17},"end":{"line":119,"column":40}}}},"statementMap":{"1":{"start":{"line":4,"column":0},"end":{"line":4,"column":27}},"2":{"start":{"line":5,"column":0},"end":{"line":5,"column":44}},"3":{"start":{"line":7,"column":0},"end":{"line":7,"column":39}},"4":{"start":{"line":9,"column":0},"end":{"line":9,"column":32}},"5":{"start":{"line":12,"column":0},"end":{"line":12,"column":48}},"6":{"start":{"line":12,"column":34},"end":{"line":12,"column":46}},"7":{"start":{"line":15,"column":0},"end":{"line":30,"column":1}},"8":{"start":{"line":16,"column":1},"end":{"line":16,"column":31}},"9":{"start":{"line":17,"column":1},"end":{"line":17,"column":39}},"10":{"start":{"line":18,"column":1},"end":{"line":18,"column":39}},"11":{"start":{"line":20,"column":1},"end":{"line":20,"column":53}},"12":{"start":{"line":21,"column":1},"end":{"line":23,"column":2}},"13":{"start":{"line":22,"column":2},"end":{"line":22,"column":42}},"14":{"start":{"line":25,"column":1},"end":{"line":25,"column":36}},"15":{"start":{"line":26,"column":1},"end":{"line":26,"column":28}},"16":{"start":{"line":28,"column":1},"end":{"line":28,"column":24}},"17":{"start":{"line":29,"column":1},"end":{"line":29,"column":19}},"18":{"start":{"line":31,"column":0},"end":{"line":31,"column":46}},"19":{"start":{"line":33,"column":0},"end":{"line":46,"column":2}},"20":{"start":{"line":34,"column":1},"end":{"line":44,"column":2}},"21":{"start":{"line":35,"column":2},"end":{"line":35,"column":28}},"22":{"start":{"line":38,"column":2},"end":{"line":41,"column":3}},"23":{"start":{"line":39,"column":3},"end":{"line":39,"column":63}},"24":{"start":{"line":40,"column":3},"end":{"line":40,"column":10}},"25":{"start":{"line":42,"column":2},"end":{"line":42,"column":36}},"26":{"start":{"line":43,"column":2},"end":{"line":43,"column":74}},"27":{"start":{"line":45,"column":1},"end":{"line":45,"column":12}},"28":{"start":{"line":48,"column":0},"end":{"line":70,"column":2}},"29":{"start":{"line":49,"column":1},"end":{"line":51,"column":2}},"30":{"start":{"line":50,"column":2},"end":{"line":50,"column":9}},"31":{"start":{"line":53,"column":1},"end":{"line":53,"column":42}},"32":{"start":{"line":55,"column":1},"end":{"line":60,"column":2}},"33":{"start":{"line":56,"column":2},"end":{"line":58,"column":3}},"34":{"start":{"line":57,"column":3},"end":{"line":57,"column":77}},"35":{"start":{"line":59,"column":2},"end":{"line":59,"column":9}},"36":{"start":{"line":62,"column":1},"end":{"line":69,"column":2}},"37":{"start":{"line":63,"column":2},"end":{"line":63,"column":50}},"38":{"start":{"line":64,"column":2},"end":{"line":68,"column":3}},"39":{"start":{"line":65,"column":3},"end":{"line":65,"column":40}},"40":{"start":{"line":66,"column":8},"end":{"line":68,"column":3}},"41":{"start":{"line":67,"column":3},"end":{"line":67,"column":41}},"42":{"start":{"line":72,"column":0},"end":{"line":83,"column":2}},"43":{"start":{"line":73,"column":1},"end":{"line":75,"column":2}},"44":{"start":{"line":74,"column":2},"end":{"line":74,"column":9}},"45":{"start":{"line":77,"column":1},"end":{"line":77,"column":42}},"46":{"start":{"line":79,"column":1},"end":{"line":82,"column":2}},"47":{"start":{"line":80,"column":2},"end":{"line":80,"column":76}},"48":{"start":{"line":81,"column":2},"end":{"line":81,"column":37}},"49":{"start":{"line":85,"column":0},"end":{"line":109,"column":2}},"50":{"start":{"line":86,"column":1},"end":{"line":96,"column":2}},"51":{"start":{"line":89,"column":3},"end":{"line":89,"column":28}},"52":{"start":{"line":90,"column":3},"end":{"line":90,"column":10}},"53":{"start":{"line":93,"column":3},"end":{"line":93,"column":9}},"54":{"start":{"line":95,"column":3},"end":{"line":95,"column":10}},"55":{"start":{"line":97,"column":1},"end":{"line":100,"column":2}},"56":{"start":{"line":98,"column":2},"end":{"line":98,"column":27}},"57":{"start":{"line":99,"column":2},"end":{"line":99,"column":9}},"58":{"start":{"line":102,"column":1},"end":{"line":102,"column":73}},"59":{"start":{"line":104,"column":1},"end":{"line":108,"column":2}},"60":{"start":{"line":105,"column":2},"end":{"line":105,"column":18}},"61":{"start":{"line":106,"column":2},"end":{"line":106,"column":32}},"62":{"start":{"line":107,"column":2},"end":{"line":107,"column":37}},"63":{"start":{"line":111,"column":0},"end":{"line":126,"column":2}},"64":{"start":{"line":112,"column":1},"end":{"line":112,"column":47}},"65":{"start":{"line":113,"column":1},"end":{"line":113,"column":51}},"66":{"start":{"line":115,"column":1},"end":{"line":115,"column":64}},"67":{"start":{"line":118,"column":1},"end":{"line":118,"column":40}},"68":{"start":{"line":119,"column":1},"end":{"line":123,"column":4}},"69":{"start":{"line":120,"column":2},"end":{"line":122,"column":3}},"70":{"start":{"line":121,"column":3},"end":{"line":121,"column":32}},"71":{"start":{"line":125,"column":1},"end":{"line":125,"column":57}},"72":{"start":{"line":128,"column":0},"end":{"line":128,"column":37}}},"branchMap":{"1":{"line":20,"type":"binary-expr","locations":[{"start":{"line":20,"column":21},"end":{"line":20,"column":28}},{"start":{"line":20,"column":32},"end":{"line":20,"column":52}}]},"2":{"line":21,"type":"if","locations":[{"start":{"line":21,"column":1},"end":{"line":21,"column":1}},{"start":{"line":21,"column":1},"end":{"line":21,"column":1}}]},"3":{"line":34,"type":"if","locations":[{"start":{"line":34,"column":1},"end":{"line":34,"column":1}},{"start":{"line":34,"column":1},"end":{"line":34,"column":1}}]},"4":{"line":38,"type":"if","locations":[{"start":{"line":38,"column":2},"end":{"line":38,"column":2}},{"start":{"line":38,"column":2},"end":{"line":38,"column":2}}]},"5":{"line":43,"type":"binary-expr","locations":[{"start":{"line":43,"column":2},"end":{"line":43,"column":29}},{"start":{"line":43,"column":33},"end":{"line":43,"column":73}}]},"6":{"line":49,"type":"if","locations":[{"start":{"line":49,"column":1},"end":{"line":49,"column":1}},{"start":{"line":49,"column":1},"end":{"line":49,"column":1}}]},"7":{"line":55,"type":"if","locations":[{"start":{"line":55,"column":1},"end":{"line":55,"column":1}},{"start":{"line":55,"column":1},"end":{"line":55,"column":1}}]},"8":{"line":56,"type":"if","locations":[{"start":{"line":56,"column":2},"end":{"line":56,"column":2}},{"start":{"line":56,"column":2},"end":{"line":56,"column":2}}]},"9":{"line":62,"type":"if","locations":[{"start":{"line":62,"column":1},"end":{"line":62,"column":1}},{"start":{"line":62,"column":1},"end":{"line":62,"column":1}}]},"10":{"line":62,"type":"binary-expr","locations":[{"start":{"line":62,"column":4},"end":{"line":62,"column":32}},{"start":{"line":62,"column":36},"end":{"line":62,"column":64}}]},"11":{"line":64,"type":"if","locations":[{"start":{"line":64,"column":2},"end":{"line":64,"column":2}},{"start":{"line":64,"column":2},"end":{"line":64,"column":2}}]},"12":{"line":66,"type":"if","locations":[{"start":{"line":66,"column":8},"end":{"line":66,"column":8}},{"start":{"line":66,"column":8},"end":{"line":66,"column":8}}]},"13":{"line":73,"type":"if","locations":[{"start":{"line":73,"column":1},"end":{"line":73,"column":1}},{"start":{"line":73,"column":1},"end":{"line":73,"column":1}}]},"14":{"line":79,"type":"if","locations":[{"start":{"line":79,"column":1},"end":{"line":79,"column":1}},{"start":{"line":79,"column":1},"end":{"line":79,"column":1}}]},"15":{"line":79,"type":"binary-expr","locations":[{"start":{"line":79,"column":4},"end":{"line":79,"column":33}},{"start":{"line":79,"column":37},"end":{"line":79,"column":67}}]},"16":{"line":86,"type":"switch","locations":[{"start":{"line":87,"column":2},"end":{"line":87,"column":20}},{"start":{"line":88,"column":2},"end":{"line":90,"column":10}},{"start":{"line":91,"column":2},"end":{"line":91,"column":18}},{"start":{"line":92,"column":2},"end":{"line":93,"column":9}},{"start":{"line":94,"column":2},"end":{"line":95,"column":10}}]},"17":{"line":97,"type":"if","locations":[{"start":{"line":97,"column":1},"end":{"line":97,"column":1}},{"start":{"line":97,"column":1},"end":{"line":97,"column":1}}]},"18":{"line":102,"type":"binary-expr","locations":[{"start":{"line":102,"column":1},"end":{"line":102,"column":28}},{"start":{"line":102,"column":32},"end":{"line":102,"column":72}}]},"19":{"line":104,"type":"if","locations":[{"start":{"line":104,"column":1},"end":{"line":104,"column":1}},{"start":{"line":104,"column":1},"end":{"line":104,"column":1}}]},"20":{"line":104,"type":"binary-expr","locations":[{"start":{"line":104,"column":4},"end":{"line":104,"column":33}},{"start":{"line":104,"column":37},"end":{"line":104,"column":67}}]},"21":{"line":112,"type":"cond-expr","locations":[{"start":{"line":112,"column":19},"end":{"line":112,"column":41}},{"start":{"line":112,"column":44},"end":{"line":112,"column":46}}]},"22":{"line":120,"type":"if","locations":[{"start":{"line":120,"column":2},"end":{"line":120,"column":2}},{"start":{"line":120,"column":2},"end":{"line":120,"column":2}}]}},"code":["\"use strict\";","","","var util = require(\"util\");","var Transform = require(\"stream\").Transform;","","var Assembler = require(\"./Assembler\");","","var Combo = require(\"../Combo\");","","","function defaultObjectFilter () { return true; }","","","function StreamFilteredArray(options){","\tTransform.call(this, options);","\tthis._writableState.objectMode = true;","\tthis._readableState.objectMode = true;","","\tthis.objectFilter = options && options.objectFilter;","\tif(typeof this.objectFilter != \"function\"){","\t\tthis.objectFilter = defaultObjectFilter;","\t}","","\tthis._processChunk = this._doCheck;","\tthis._subObjectCounter = 0;","","\tthis._assembler = null;","\tthis._counter = 0;","}","util.inherits(StreamFilteredArray, Transform);","","StreamFilteredArray.prototype._transform = function transform(chunk, encoding, callback){","\tif(this._assembler){","\t\tthis._processChunk(chunk);","\t}else{","\t\t// first chunk should open an array","\t\tif(chunk.name !== \"startArray\"){","\t\t\tcallback(new Error(\"Top-level object should be an array.\"));","\t\t\treturn;","\t\t}","\t\tthis._assembler = new Assembler();","\t\tthis._assembler[chunk.name] && this._assembler[chunk.name](chunk.value);","\t}","\tcallback();","};","","StreamFilteredArray.prototype._doCheck = function doCheck(chunk){","\tif(!this._assembler[chunk.name]){","\t\treturn;","\t}","","\tthis._assembler[chunk.name](chunk.value);","","\tif(!this._assembler.stack.length){","\t\tif(this._assembler.current.length){","\t\t\tthis.push({index: this._counter++, value: this._assembler.current.pop()});","\t\t}","\t\treturn;","\t}","","\tif(this._assembler.key === null && this._assembler.stack.length){","\t\tvar result = this.objectFilter(this._assembler);","\t\tif(result){","\t\t\tthis._processChunk = this._skipCheck;","\t\t}else if(result === false){","\t\t\tthis._processChunk = this._skipObject;","\t\t}","\t}","};","","StreamFilteredArray.prototype._skipCheck = function skipCheck(chunk){","\tif(!this._assembler[chunk.name]){","\t\treturn;","\t}","","\tthis._assembler[chunk.name](chunk.value);","","\tif(!this._assembler.stack.length && this._assembler.current.length){","\t\tthis.push({index: this._counter++, value: this._assembler.current.pop()});","\t\tthis._processChunk = this._doCheck;","\t}","};","","StreamFilteredArray.prototype._skipObject = function skipObject(chunk){","\tswitch(chunk.name){","\t\tcase \"startArray\":","\t\tcase \"startObject\":","\t\t\t++this._subObjectCounter;","\t\t\treturn;","\t\tcase \"endArray\":","\t\tcase \"endObject\":","\t\t\tbreak;","\t\tdefault:","\t\t\treturn;","\t}","\tif(this._subObjectCounter){","\t\t--this._subObjectCounter;","\t\treturn;","\t}","","\tthis._assembler[chunk.name] && this._assembler[chunk.name](chunk.value);","","\tif(!this._assembler.stack.length && this._assembler.current.length){","\t\t++this._counter;","\t\tthis._assembler.current.pop();","\t\tthis._processChunk = this._doCheck;","\t}","};","","StreamFilteredArray.make = function make(options){","\tvar o = options ? Object.create(options) : {};","\to.packKeys = o.packStrings = o.packNumbers = true;","","\tvar streams = [new Combo(o), new StreamFilteredArray(options)];","","\t// connect pipes","\tvar input = streams[0], output = input;","\tstreams.forEach(function(stream, index){","\t\tif(index){","\t\t\toutput = output.pipe(stream);","\t\t}","\t});","","\treturn {streams: streams, input: input, output: output};","};","","module.exports = StreamFilteredArray;",""],"l":{"4":1,"5":1,"7":1,"9":1,"12":1,"15":1,"16":0,"17":0,"18":0,"20":0,"21":0,"22":0,"25":0,"26":0,"28":0,"29":0,"31":1,"33":1,"34":0,"35":0,"38":0,"39":0,"40":0,"42":0,"43":0,"45":0,"48":1,"49":0,"50":0,"53":0,"55":0,"56":0,"57":0,"59":0,"62":0,"63":0,"64":0,"65":0,"66":0,"67":0,"72":1,"73":0,"74":0,"77":0,"79":0,"80":0,"81":0,"85":1,"86":0,"89":0,"90":0,"93":0,"95":0,"97":0,"98":0,"99":0,"102":0,"104":0,"105":0,"106":0,"107":0,"111":1,"112":0,"113":0,"115":0,"118":0,"119":0,"120":0,"121":0,"125":0,"128":1}},"/home/travis/build/npmtest/node-npmtest-stream-json/node_modules/stream-json/utils/StreamObject.js":{"path":"/home/travis/build/npmtest/node-npmtest-stream-json/node_modules/stream-json/utils/StreamObject.js","s":{"1":1,"2":1,"3":1,"4":1,"5":1,"6":0,"7":0,"8":0,"9":0,"10":0,"11":1,"12":1,"13":0,"14":0,"15":0,"16":0,"17":0,"18":0,"19":0,"20":0,"21":0,"22":0,"23":0,"24":0,"25":0,"26":0,"27":1,"28":0,"29":0,"30":0,"31":0,"32":0,"33":0,"34":0,"35":0,"36":1},"b":{"1":[0,0],"2":[0,0],"3":[0,0],"4":[0,0],"5":[0,0],"6":[0,0],"7":[0,0],"8":[0,0]},"f":{"1":0,"2":0,"3":0,"4":0},"fnMap":{"1":{"name":"StreamObject","line":11,"loc":{"start":{"line":11,"column":0},"end":{"line":11,"column":30}}},"2":{"name":"transform","line":21,"loc":{"start":{"line":21,"column":36},"end":{"line":21,"column":81}}},"3":{"name":"make","line":48,"loc":{"start":{"line":48,"column":20},"end":{"line":48,"column":42}}},"4":{"name":"(anonymous_4)","line":56,"loc":{"start":{"line":56,"column":17},"end":{"line":56,"column":40}}}},"statementMap":{"1":{"start":{"line":3,"column":0},"end":{"line":3,"column":27}},"2":{"start":{"line":4,"column":0},"end":{"line":4,"column":44}},"3":{"start":{"line":6,"column":0},"end":{"line":6,"column":39}},"4":{"start":{"line":8,"column":0},"end":{"line":8,"column":32}},"5":{"start":{"line":11,"column":0},"end":{"line":18,"column":1}},"6":{"start":{"line":12,"column":1},"end":{"line":12,"column":31}},"7":{"start":{"line":13,"column":1},"end":{"line":13,"column":39}},"8":{"start":{"line":14,"column":1},"end":{"line":14,"column":39}},"9":{"start":{"line":16,"column":1},"end":{"line":16,"column":24}},"10":{"start":{"line":17,"column":1},"end":{"line":17,"column":22}},"11":{"start":{"line":19,"column":0},"end":{"line":19,"column":39}},"12":{"start":{"line":21,"column":0},"end":{"line":46,"column":2}},"13":{"start":{"line":22,"column":1},"end":{"line":29,"column":2}},"14":{"start":{"line":24,"column":2},"end":{"line":27,"column":3}},"15":{"start":{"line":25,"column":3},"end":{"line":25,"column":67}},"16":{"start":{"line":26,"column":3},"end":{"line":26,"column":10}},"17":{"start":{"line":28,"column":2},"end":{"line":28,"column":36}},"18":{"start":{"line":31,"column":1},"end":{"line":31,"column":73}},"19":{"start":{"line":33,"column":1},"end":{"line":43,"column":2}},"20":{"start":{"line":34,"column":2},"end":{"line":42,"column":3}},"21":{"start":{"line":35,"column":3},"end":{"line":39,"column":4}},"22":{"start":{"line":36,"column":4},"end":{"line":36,"column":83}},"23":{"start":{"line":37,"column":4},"end":{"line":37,"column":50}},"24":{"start":{"line":38,"column":4},"end":{"line":38,"column":25}},"25":{"start":{"line":41,"column":3},"end":{"line":41,"column":39}},"26":{"start":{"line":45,"column":1},"end":{"line":45,"column":12}},"27":{"start":{"line":48,"column":0},"end":{"line":63,"column":2}},"28":{"start":{"line":49,"column":1},"end":{"line":49,"column":47}},"29":{"start":{"line":50,"column":1},"end":{"line":50,"column":51}},"30":{"start":{"line":52,"column":1},"end":{"line":52,"column":57}},"31":{"start":{"line":55,"column":1},"end":{"line":55,"column":40}},"32":{"start":{"line":56,"column":1},"end":{"line":60,"column":4}},"33":{"start":{"line":57,"column":2},"end":{"line":59,"column":3}},"34":{"start":{"line":58,"column":3},"end":{"line":58,"column":32}},"35":{"start":{"line":62,"column":1},"end":{"line":62,"column":57}},"36":{"start":{"line":65,"column":0},"end":{"line":65,"column":30}}},"branchMap":{"1":{"line":22,"type":"if","locations":[{"start":{"line":22,"column":1},"end":{"line":22,"column":1}},{"start":{"line":22,"column":1},"end":{"line":22,"column":1}}]},"2":{"line":24,"type":"if","locations":[{"start":{"line":24,"column":2},"end":{"line":24,"column":2}},{"start":{"line":24,"column":2},"end":{"line":24,"column":2}}]},"3":{"line":31,"type":"binary-expr","locations":[{"start":{"line":31,"column":1},"end":{"line":31,"column":28}},{"start":{"line":31,"column":32},"end":{"line":31,"column":72}}]},"4":{"line":33,"type":"if","locations":[{"start":{"line":33,"column":1},"end":{"line":33,"column":1}},{"start":{"line":33,"column":1},"end":{"line":33,"column":1}}]},"5":{"line":34,"type":"if","locations":[{"start":{"line":34,"column":2},"end":{"line":34,"column":2}},{"start":{"line":34,"column":2},"end":{"line":34,"column":2}}]},"6":{"line":35,"type":"if","locations":[{"start":{"line":35,"column":3},"end":{"line":35,"column":3}},{"start":{"line":35,"column":3},"end":{"line":35,"column":3}}]},"7":{"line":49,"type":"cond-expr","locations":[{"start":{"line":49,"column":19},"end":{"line":49,"column":41}},{"start":{"line":49,"column":44},"end":{"line":49,"column":46}}]},"8":{"line":57,"type":"if","locations":[{"start":{"line":57,"column":2},"end":{"line":57,"column":2}},{"start":{"line":57,"column":2},"end":{"line":57,"column":2}}]}},"code":["\"use strict\";","","var util = require(\"util\");","var Transform = require(\"stream\").Transform;","","var Assembler = require(\"./Assembler\");","","var Combo = require(\"../Combo\");","","","function StreamObject(options){","\tTransform.call(this, options);","\tthis._writableState.objectMode = true;","\tthis._readableState.objectMode = true;","","\tthis._assembler = null;","\tthis._lastKey = null;","}","util.inherits(StreamObject, Transform);","","StreamObject.prototype._transform = function transform(chunk, encoding, callback){","\tif(!this._assembler){","\t\t// first chunk should open an object","\t\tif(chunk.name !== \"startObject\"){","\t\t\tcallback(new Error(\"Top-level construct should be an object.\"));","\t\t\treturn;","\t\t}","\t\tthis._assembler = new Assembler();","\t}","","\tthis._assembler[chunk.name] && this._assembler[chunk.name](chunk.value);","","\tif(!this._assembler.stack.length){","\t\tif(this._assembler.key === null){","\t\t\tif(this._lastKey !== null){","\t\t\t\tthis.push({key: this._lastKey, value: this._assembler.current[this._lastKey]});","\t\t\t\tdelete this._assembler.current[this._lastKey];","\t\t\t\tthis._lastKey = null;","\t\t\t}","\t\t}else{","\t\t\tthis._lastKey = this._assembler.key;","\t\t}","\t}","","\tcallback();","};","","StreamObject.make = function make(options){","\tvar o = options ? Object.create(options) : {};","\to.packKeys = o.packStrings = o.packNumbers = true;","","\tvar streams = [new Combo(o), new StreamObject(options)];","","\t// connect pipes","\tvar input = streams[0], output = input;","\tstreams.forEach(function(stream, index){","\t\tif(index){","\t\t\toutput = output.pipe(stream);","\t\t}","\t});","","\treturn {streams: streams, input: input, output: output};","};","","module.exports = StreamObject;",""],"l":{"3":1,"4":1,"6":1,"8":1,"11":1,"12":0,"13":0,"14":0,"16":0,"17":0,"19":1,"21":1,"22":0,"24":0,"25":0,"26":0,"28":0,"31":0,"33":0,"34":0,"35":0,"36":0,"37":0,"38":0,"41":0,"45":0,"48":1,"49":0,"50":0,"52":0,"55":0,"56":0,"57":0,"58":0,"62":0,"65":1}}}